(x,total,d,k)
0:(0,0,0,4)
1:(0,0,0,5)
2:(0,1,0,5)
3:(0,2,0,5)
4:(0,3,0,5)
5:(0,4,0,5)
6:(0,5,0,5)
7:(0,6,0,5)
8:(0,7,0,5)
9:(0,8,0,5)
10:(0,9,0,5)
11:(0,10,0,3)
12:(0,10,0,5)
13:(0,11,0,5)
14:(0,12,0,5)
15:(0,13,0,5)
16:(0,14,0,5)
17:(0,15,0,5)
18:(0,16,0,5)
19:(0,17,0,5)
20:(0,18,0,5)
21:(0,19,0,5)
22:(0,20,0,2)
23:(0,20,0,4)
24:(0,20,0,5)
25:(0,21,0,5)
26:(0,22,0,5)
27:(0,23,0,5)
28:(0,24,0,5)
29:(0,25,0,5)
30:(0,26,0,4)
31:(0,26,0,5)
32:(0,27,0,5)
33:(0,28,0,5)
34:(0,29,0,5)
35:(0,30,0,3)
36:(0,30,0,4)
37:(0,30,0,5)
38:(0,31,0,5)
39:(0,32,0,5)
40:(0,33,0,5)
41:(0,34,0,5)
42:(0,35,0,4)
43:(0,35,0,5)
44:(0,36,0,5)
45:(0,37,0,5)
46:(0,38,0,5)
47:(0,39,0,5)
48:(0,40,0,3)
49:(0,40,0,4)
50:(0,40,0,5)
51:(0,41,0,5)
52:(0,42,0,5)
53:(0,43,0,5)
54:(0,44,0,5)
55:(0,45,0,5)
56:(0,46,0,5)
57:(0,47,0,5)
58:(0,48,0,5)
59:(0,49,0,5)
60:(0,50,0,2)
61:(0,50,0,4)
62:(0,50,0,5)
63:(0,51,0,5)
64:(0,52,0,5)
65:(0,53,0,5)
66:(0,54,0,5)
67:(0,55,0,5)
68:(0,56,0,4)
69:(0,56,0,5)
70:(0,57,0,5)
71:(0,58,0,5)
72:(0,59,0,5)
73:(0,60,0,1)
74:(0,60,0,3)
75:(0,60,0,4)
76:(0,60,0,5)
77:(0,61,0,5)
78:(0,62,0,5)
79:(0,63,0,5)
80:(0,64,0,5)
81:(0,65,0,4)
82:(0,65,0,5)
83:(0,66,0,3)
84:(0,66,0,5)
85:(0,67,0,5)
86:(0,68,0,5)
87:(0,69,0,5)
88:(0,70,0,2)
89:(0,70,0,3)
90:(0,70,0,4)
91:(0,70,0,5)
92:(0,71,0,5)
93:(0,72,0,5)
94:(0,73,0,5)
95:(0,74,0,5)
96:(0,75,0,3)
97:(0,75,0,5)
98:(0,76,0,4)
99:(0,76,0,5)
100:(0,77,0,5)
101:(0,78,0,5)
102:(0,79,0,5)
103:(0,80,0,2)
104:(0,80,0,3)
105:(0,80,0,4)
106:(0,80,0,5)
107:(0,81,0,5)
108:(0,82,0,5)
109:(0,83,0,5)
110:(0,84,0,5)
111:(0,85,0,4)
112:(0,85,0,5)
113:(0,86,0,4)
114:(0,86,0,5)
115:(0,87,0,5)
116:(0,88,0,5)
117:(0,89,0,5)
118:(0,90,0,1)
119:(0,90,0,3)
120:(0,90,0,4)
121:(0,90,0,5)
122:(0,91,0,5)
123:(0,92,0,5)
124:(0,93,0,5)
125:(0,94,0,5)
126:(0,95,0,4)
127:(0,95,0,5)
128:(0,96,0,3)
129:(0,96,0,5)
130:(0,97,0,5)
131:(0,98,0,5)
132:(0,99,0,5)
133:(0,100,0,0)
134:(0,100,0,2)
135:(0,100,0,4)
136:(0,100,0,5)
137:(0,101,0,5)
138:(0,102,0,5)
139:(0,103,0,5)
140:(0,104,0,5)
141:(0,105,0,3)
142:(0,105,0,5)
143:(0,106,0,2)
144:(0,106,0,4)
145:(0,106,0,5)
146:(0,107,0,5)
147:(0,108,0,5)
148:(0,109,0,5)
149:(0,110,0,1)
150:(0,110,0,3)
151:(0,110,0,4)
152:(0,110,0,5)
153:(0,111,0,5)
154:(0,112,0,4)
155:(0,112,0,5)
156:(0,113,0,5)
157:(0,114,0,5)
158:(0,115,0,2)
159:(0,115,0,4)
160:(0,115,0,5)
161:(0,116,0,3)
162:(0,116,0,4)
163:(0,116,0,5)
164:(0,117,0,5)
165:(0,118,0,5)
166:(0,119,0,5)
167:(0,120,0,2)
168:(0,120,0,3)
169:(0,120,0,4)
170:(0,120,0,5)
171:(0,121,0,4)
172:(0,121,0,5)
173:(0,122,0,5)
174:(0,123,0,5)
175:(0,124,0,5)
176:(0,125,0,3)
177:(0,125,0,4)
178:(0,125,0,5)
179:(0,126,0,3)
180:(0,126,0,4)
181:(0,126,0,5)
182:(0,127,0,5)
183:(0,128,0,5)
184:(0,129,0,5)
185:(0,130,0,2)
186:(0,130,0,3)
187:(0,130,0,4)
188:(0,130,0,5)
189:(0,131,0,5)
190:(0,132,0,5)
191:(0,133,0,5)
192:(0,134,0,5)
193:(0,135,0,3)
194:(0,135,0,4)
195:(0,135,0,5)
196:(0,136,0,2)
197:(0,136,0,4)
198:(0,136,0,5)
199:(0,137,0,5)
200:(0,138,0,5)
201:(0,139,0,5)
202:(0,140,0,3)
203:(0,140,0,4)
204:(0,140,0,5)
205:(0,141,0,5)
206:(0,142,0,4)
207:(0,142,0,5)
208:(0,143,0,5)
209:(0,144,0,5)
210:(0,145,0,2)
211:(0,145,0,4)
212:(0,145,0,5)
213:(0,146,0,1)
214:(0,146,0,3)
215:(0,146,0,5)
216:(0,147,0,5)
217:(0,148,0,5)
218:(0,149,0,5)
219:(0,150,0,3)
220:(0,150,0,4)
221:(0,150,0,5)
222:(0,151,0,4)
223:(0,151,0,5)
224:(0,152,0,3)
225:(0,152,0,5)
226:(0,153,0,5)
227:(0,154,0,5)
228:(0,155,0,1)
229:(0,155,0,3)
230:(0,155,0,5)
231:(0,156,0,2)
232:(0,156,0,4)
233:(0,156,0,5)
234:(0,157,0,5)
235:(0,158,0,5)
236:(0,159,0,5)
237:(0,160,0,2)
238:(0,160,0,4)
239:(0,160,0,5)
240:(0,161,0,3)
241:(0,161,0,5)
242:(0,162,0,4)
243:(0,162,0,5)
244:(0,163,0,5)
245:(0,164,0,5)
246:(0,165,0,2)
247:(0,165,0,4)
248:(0,165,0,5)
249:(0,166,0,3)
250:(0,166,0,4)
251:(0,166,0,5)
252:(0,167,0,5)
253:(0,168,0,5)
254:(0,169,0,5)
255:(0,170,0,1)
256:(0,170,0,3)
257:(0,170,0,5)
258:(0,171,0,4)
259:(0,171,0,5)
260:(0,172,0,4)
261:(0,172,0,5)
262:(0,173,0,5)
263:(0,174,0,5)
264:(0,175,0,3)
265:(0,175,0,4)
266:(0,175,0,5)
267:(0,176,0,3)
268:(0,176,0,4)
269:(0,176,0,5)
270:(0,177,0,5)
271:(0,178,0,5)
272:(0,179,0,5)
273:(0,180,0,2)
274:(0,180,0,4)
275:(0,180,0,5)
276:(0,181,0,4)
277:(0,181,0,5)
278:(0,182,0,3)
279:(0,182,0,5)
280:(0,183,0,5)
281:(0,184,0,5)
282:(0,185,0,3)
283:(0,185,0,4)
284:(0,185,0,5)
285:(0,186,0,4)
286:(0,186,0,5)
287:(0,187,0,5)
288:(0,188,0,5)
289:(0,189,0,5)
290:(0,190,0,3)
291:(0,190,0,4)
292:(0,190,0,5)
293:(0,191,0,3)
294:(0,191,0,5)
295:(0,192,0,2)
296:(0,192,0,4)
297:(0,192,0,5)
298:(0,193,0,5)
299:(0,194,0,5)
300:(0,195,0,4)
301:(0,195,0,5)
302:(0,196,0,4)
303:(0,196,0,5)
304:(0,197,0,5)
305:(0,198,0,4)
306:(0,198,0,5)
307:(0,199,0,5)
308:(0,200,0,3)
309:(0,200,0,4)
310:(0,200,0,5)
311:(0,201,0,2)
312:(0,201,0,4)
313:(0,201,0,5)
314:(0,202,0,3)
315:(0,202,0,5)
316:(0,203,0,5)
317:(0,204,0,5)
318:(0,205,0,4)
319:(0,205,0,5)
320:(0,206,0,3)
321:(0,206,0,5)
322:(0,207,0,4)
323:(0,207,0,5)
324:(0,208,0,5)
325:(0,209,0,5)
326:(0,210,0,2)
327:(0,210,0,4)
328:(0,210,0,5)
329:(0,211,0,3)
330:(0,211,0,5)
331:(0,212,0,4)
332:(0,212,0,5)
333:(0,213,0,5)
334:(0,214,0,5)
335:(0,215,0,3)
336:(0,215,0,5)
337:(0,216,0,2)
338:(0,216,0,4)
339:(0,216,0,5)
340:(0,217,0,5)
341:(0,218,0,5)
342:(0,219,0,5)
343:(0,220,0,3)
344:(0,220,0,4)
345:(0,220,0,5)
346:(0,221,0,4)
347:(0,221,0,5)
348:(0,222,0,4)
349:(0,222,0,5)
350:(0,223,0,5)
351:(0,224,0,5)
352:(0,225,0,2)
353:(0,225,0,4)
354:(0,225,0,5)
355:(0,226,0,3)
356:(0,226,0,5)
357:(0,227,0,5)
358:(0,228,0,4)
359:(0,228,0,5)
360:(0,229,0,5)
361:(0,230,0,3)
362:(0,230,0,4)
363:(0,230,0,5)
364:(0,231,0,4)
365:(0,231,0,5)
366:(0,232,0,5)
367:(0,233,0,5)
368:(0,234,0,5)
369:(0,235,0,3)
370:(0,235,0,5)
371:(0,236,0,4)
372:(0,236,0,5)
373:(0,237,0,4)
374:(0,237,0,5)
375:(0,238,0,3)
376:(0,238,0,5)
377:(0,239,0,5)
378:(0,240,0,2)
379:(0,240,0,4)
380:(0,240,0,5)
381:(0,241,0,5)
382:(0,242,0,5)
383:(0,243,0,5)
384:(0,244,0,5)
385:(0,245,0,4)
386:(0,245,0,5)
387:(0,246,0,4)
388:(0,246,0,5)
389:(0,247,0,3)
390:(0,247,0,5)
391:(0,248,0,4)
392:(0,248,0,5)
393:(0,249,0,5)
394:(0,250,0,3)
395:(0,250,0,5)
396:(0,251,0,5)
397:(0,252,0,4)
398:(0,252,0,5)
399:(0,253,0,5)
400:(0,254,0,5)
401:(0,255,0,4)
402:(0,255,0,5)
403:(0,256,0,3)
404:(0,256,0,5)
405:(0,257,0,4)
406:(0,257,0,5)
407:(0,258,0,5)
408:(0,259,0,5)
409:(0,260,0,4)
410:(0,260,0,5)
411:(0,261,0,4)
412:(0,261,0,5)
413:(0,262,0,3)
414:(0,262,0,5)
415:(0,263,0,5)
416:(0,264,0,5)
417:(0,265,0,3)
418:(0,265,0,5)
419:(0,266,0,4)
420:(0,266,0,5)
421:(0,267,0,5)
422:(0,268,0,5)
423:(0,269,0,5)
424:(0,270,0,4)
425:(0,270,0,5)
426:(0,271,0,3)
427:(0,271,0,5)
428:(0,272,0,4)
429:(0,272,0,5)
430:(0,273,0,5)
431:(0,274,0,5)
432:(0,275,0,4)
433:(0,275,0,5)
434:(0,276,0,4)
435:(0,276,0,5)
436:(0,277,0,5)
437:(0,278,0,5)
438:(0,279,0,5)
439:(0,280,0,3)
440:(0,280,0,5)
441:(0,281,0,4)
442:(0,281,0,5)
443:(0,282,0,5)
444:(0,283,0,5)
445:(0,284,0,4)
446:(0,284,0,5)
447:(0,285,0,4)
448:(0,285,0,5)
449:(0,286,0,3)
450:(0,286,0,5)
451:(0,287,0,5)
452:(0,288,0,5)
453:(0,289,0,5)
454:(0,290,0,4)
455:(0,290,0,5)
456:(0,291,0,5)
457:(0,292,0,5)
458:(0,293,0,4)
459:(0,293,0,5)
460:(0,294,0,5)
461:(0,295,0,3)
462:(0,295,0,5)
463:(0,296,0,4)
464:(0,296,0,5)
465:(0,297,0,5)
466:(0,298,0,5)
467:(0,299,0,5)
468:(0,300,0,4)
469:(0,300,0,5)
470:(0,301,0,5)
471:(0,302,0,4)
472:(0,302,0,5)
473:(0,303,0,5)
474:(0,304,0,5)
475:(0,305,0,4)
476:(0,305,0,5)
477:(0,306,0,5)
478:(0,307,0,5)
479:(0,308,0,4)
480:(0,308,0,5)
481:(0,309,0,5)
482:(0,310,0,3)
483:(0,310,0,5)
484:(0,311,0,4)
485:(0,311,0,5)
486:(0,312,0,5)
487:(0,313,0,5)
488:(0,314,0,5)
489:(0,315,0,5)
490:(0,316,0,5)
491:(0,317,0,4)
492:(0,317,0,5)
493:(0,318,0,5)
494:(0,319,0,5)
495:(0,320,0,4)
496:(0,320,0,5)
497:(0,321,0,5)
498:(0,322,0,5)
499:(0,323,0,5)
500:(0,324,0,5)
501:(0,325,0,5)
502:(0,326,0,4)
503:(0,326,0,5)
504:(0,327,0,5)
505:(0,328,0,5)
506:(0,329,0,5)
507:(0,330,0,5)
508:(0,331,0,5)
509:(0,332,0,4)
510:(0,332,0,5)
511:(0,333,0,5)
512:(0,334,0,5)
513:(0,335,0,4)
514:(0,335,0,5)
515:(0,336,0,5)
516:(0,337,0,5)
517:(0,338,0,5)
518:(0,339,0,5)
519:(0,340,0,5)
520:(0,341,0,4)
521:(0,341,0,5)
522:(0,342,0,5)
523:(0,343,0,5)
524:(0,344,0,5)
525:(0,345,0,5)
526:(0,346,0,5)
527:(0,347,0,5)
528:(0,348,0,5)
529:(0,349,0,5)
530:(0,350,0,4)
531:(0,350,0,5)
532:(0,351,0,5)
533:(0,352,0,5)
534:(0,353,0,5)
535:(0,354,0,5)
536:(0,355,0,5)
537:(0,356,0,4)
538:(0,356,0,5)
539:(0,357,0,5)
540:(0,358,0,5)
541:(0,359,0,5)
542:(0,360,0,5)
543:(0,361,0,5)
544:(0,362,0,5)
545:(0,363,0,5)
546:(0,364,0,5)
547:(0,365,0,4)
548:(0,365,0,5)
549:(0,366,0,5)
550:(0,367,0,5)
551:(0,368,0,5)
552:(0,369,0,5)
553:(0,370,0,5)
554:(0,371,0,5)
555:(0,372,0,5)
556:(0,373,0,5)
557:(0,374,0,5)
558:(0,375,0,5)
559:(0,376,0,5)
560:(0,377,0,5)
561:(0,378,0,5)
562:(0,379,0,5)
563:(0,380,0,4)
564:(0,380,0,5)
565:(1,5,4,5)
566:(1,5,5,5)
567:(1,5,6,5)
568:(1,5,8,5)
569:(1,5,9,5)
570:(1,5,10,5)
571:(1,6,4,5)
572:(1,6,5,5)
573:(1,6,6,5)
574:(1,6,8,5)
575:(1,6,9,5)
576:(1,6,10,5)
577:(1,7,4,5)
578:(1,7,5,5)
579:(1,7,6,5)
580:(1,7,8,5)
581:(1,7,9,5)
582:(1,7,10,5)
583:(1,8,4,5)
584:(1,8,5,5)
585:(1,8,6,5)
586:(1,8,8,5)
587:(1,8,9,5)
588:(1,8,10,5)
589:(1,9,4,5)
590:(1,9,5,5)
591:(1,9,6,5)
592:(1,9,8,5)
593:(1,9,9,5)
594:(1,9,10,5)
595:(1,10,4,3)
596:(1,10,4,5)
597:(1,10,5,3)
598:(1,10,5,5)
599:(1,10,6,3)
600:(1,10,6,5)
601:(1,10,8,3)
602:(1,10,8,5)
603:(1,10,9,3)
604:(1,10,9,5)
605:(1,10,10,3)
606:(1,10,10,5)
607:(1,11,4,5)
608:(1,11,5,5)
609:(1,11,6,5)
610:(1,11,8,5)
611:(1,11,9,5)
612:(1,11,10,5)
613:(1,12,4,5)
614:(1,12,5,5)
615:(1,12,6,5)
616:(1,12,8,5)
617:(1,12,9,5)
618:(1,12,10,5)
619:(1,13,4,5)
620:(1,13,5,5)
621:(1,13,6,5)
622:(1,13,8,5)
623:(1,13,9,5)
624:(1,13,10,5)
625:(1,14,4,5)
626:(1,14,5,5)
627:(1,14,6,5)
628:(1,14,8,5)
629:(1,14,9,5)
630:(1,14,10,5)
631:(1,15,4,5)
632:(1,15,5,5)
633:(1,15,6,5)
634:(1,15,8,5)
635:(1,15,9,5)
636:(1,15,10,5)
637:(1,16,4,5)
638:(1,16,5,5)
639:(1,16,6,5)
640:(1,16,8,5)
641:(1,16,9,5)
642:(1,16,10,5)
643:(1,17,4,5)
644:(1,17,5,5)
645:(1,17,6,5)
646:(1,17,8,5)
647:(1,17,9,5)
648:(1,17,10,5)
649:(1,18,4,5)
650:(1,18,5,5)
651:(1,18,6,5)
652:(1,18,8,5)
653:(1,18,9,5)
654:(1,18,10,5)
655:(1,19,4,5)
656:(1,19,5,5)
657:(1,19,6,5)
658:(1,19,8,5)
659:(1,19,9,5)
660:(1,19,10,5)
661:(1,20,4,2)
662:(1,20,4,4)
663:(1,20,4,5)
664:(1,20,5,2)
665:(1,20,5,4)
666:(1,20,5,5)
667:(1,20,6,2)
668:(1,20,6,4)
669:(1,20,6,5)
670:(1,20,8,2)
671:(1,20,8,4)
672:(1,20,8,5)
673:(1,20,9,2)
674:(1,20,9,4)
675:(1,20,9,5)
676:(1,20,10,2)
677:(1,20,10,4)
678:(1,20,10,5)
679:(1,21,4,5)
680:(1,21,5,5)
681:(1,21,6,5)
682:(1,21,8,5)
683:(1,21,9,5)
684:(1,21,10,5)
685:(1,22,4,5)
686:(1,22,5,5)
687:(1,22,6,5)
688:(1,22,8,5)
689:(1,22,9,5)
690:(1,22,10,5)
691:(1,23,4,5)
692:(1,23,5,5)
693:(1,23,6,5)
694:(1,23,8,5)
695:(1,23,9,5)
696:(1,23,10,5)
697:(1,24,4,5)
698:(1,24,5,5)
699:(1,24,6,5)
700:(1,24,8,5)
701:(1,24,9,5)
702:(1,24,10,5)
703:(1,25,4,5)
704:(1,25,5,5)
705:(1,25,6,5)
706:(1,25,8,5)
707:(1,25,9,5)
708:(1,25,10,5)
709:(1,26,4,4)
710:(1,26,4,5)
711:(1,26,5,4)
712:(1,26,5,5)
713:(1,26,6,4)
714:(1,26,6,5)
715:(1,26,8,4)
716:(1,26,8,5)
717:(1,26,9,4)
718:(1,26,9,5)
719:(1,26,10,4)
720:(1,26,10,5)
721:(1,27,4,5)
722:(1,27,5,5)
723:(1,27,6,5)
724:(1,27,8,5)
725:(1,27,9,5)
726:(1,27,10,5)
727:(1,28,4,5)
728:(1,28,5,5)
729:(1,28,6,5)
730:(1,28,8,5)
731:(1,28,9,5)
732:(1,28,10,5)
733:(1,29,4,5)
734:(1,29,5,5)
735:(1,29,6,5)
736:(1,29,8,5)
737:(1,29,9,5)
738:(1,29,10,5)
739:(1,30,4,3)
740:(1,30,4,4)
741:(1,30,4,5)
742:(1,30,5,3)
743:(1,30,5,4)
744:(1,30,5,5)
745:(1,30,6,3)
746:(1,30,6,4)
747:(1,30,6,5)
748:(1,30,8,3)
749:(1,30,8,4)
750:(1,30,8,5)
751:(1,30,9,3)
752:(1,30,9,4)
753:(1,30,9,5)
754:(1,30,10,3)
755:(1,30,10,4)
756:(1,30,10,5)
757:(1,31,4,5)
758:(1,31,5,5)
759:(1,31,6,5)
760:(1,31,8,5)
761:(1,31,9,5)
762:(1,31,10,5)
763:(1,32,4,5)
764:(1,32,5,5)
765:(1,32,6,5)
766:(1,32,8,5)
767:(1,32,9,5)
768:(1,32,10,5)
769:(1,33,4,5)
770:(1,33,5,5)
771:(1,33,6,5)
772:(1,33,8,5)
773:(1,33,9,5)
774:(1,33,10,5)
775:(1,34,4,5)
776:(1,34,5,5)
777:(1,34,6,5)
778:(1,34,8,5)
779:(1,34,9,5)
780:(1,34,10,5)
781:(1,35,4,4)
782:(1,35,4,5)
783:(1,35,5,4)
784:(1,35,5,5)
785:(1,35,6,4)
786:(1,35,6,5)
787:(1,35,8,4)
788:(1,35,8,5)
789:(1,35,9,4)
790:(1,35,9,5)
791:(1,35,10,4)
792:(1,35,10,5)
793:(1,36,4,5)
794:(1,36,5,5)
795:(1,36,6,5)
796:(1,36,8,5)
797:(1,36,9,5)
798:(1,36,10,5)
799:(1,37,4,5)
800:(1,37,5,5)
801:(1,37,6,5)
802:(1,37,8,5)
803:(1,37,9,5)
804:(1,37,10,5)
805:(1,38,4,5)
806:(1,38,5,5)
807:(1,38,6,5)
808:(1,38,8,5)
809:(1,38,9,5)
810:(1,38,10,5)
811:(1,39,4,5)
812:(1,39,5,5)
813:(1,39,6,5)
814:(1,39,8,5)
815:(1,39,9,5)
816:(1,39,10,5)
817:(1,40,4,3)
818:(1,40,4,4)
819:(1,40,4,5)
820:(1,40,5,3)
821:(1,40,5,4)
822:(1,40,5,5)
823:(1,40,6,3)
824:(1,40,6,4)
825:(1,40,6,5)
826:(1,40,8,3)
827:(1,40,8,4)
828:(1,40,8,5)
829:(1,40,9,3)
830:(1,40,9,4)
831:(1,40,9,5)
832:(1,40,10,3)
833:(1,40,10,4)
834:(1,40,10,5)
835:(1,41,4,5)
836:(1,41,5,5)
837:(1,41,6,5)
838:(1,41,8,5)
839:(1,41,9,5)
840:(1,41,10,5)
841:(1,42,4,5)
842:(1,42,5,5)
843:(1,42,6,5)
844:(1,42,8,5)
845:(1,42,9,5)
846:(1,42,10,5)
847:(1,43,4,5)
848:(1,43,5,5)
849:(1,43,6,5)
850:(1,43,8,5)
851:(1,43,9,5)
852:(1,43,10,5)
853:(1,44,4,5)
854:(1,44,5,5)
855:(1,44,6,5)
856:(1,44,8,5)
857:(1,44,9,5)
858:(1,44,10,5)
859:(1,45,4,5)
860:(1,45,5,5)
861:(1,45,6,5)
862:(1,45,8,5)
863:(1,45,9,5)
864:(1,45,10,5)
865:(1,46,4,5)
866:(1,46,5,5)
867:(1,46,6,5)
868:(1,46,8,5)
869:(1,46,9,5)
870:(1,46,10,5)
871:(1,47,4,5)
872:(1,47,5,5)
873:(1,47,6,5)
874:(1,47,8,5)
875:(1,47,9,5)
876:(1,47,10,5)
877:(1,48,4,5)
878:(1,48,5,5)
879:(1,48,6,5)
880:(1,48,8,5)
881:(1,48,9,5)
882:(1,48,10,5)
883:(1,49,4,5)
884:(1,49,5,5)
885:(1,49,6,5)
886:(1,49,8,5)
887:(1,49,9,5)
888:(1,49,10,5)
889:(1,50,4,2)
890:(1,50,4,4)
891:(1,50,4,5)
892:(1,50,5,2)
893:(1,50,5,4)
894:(1,50,5,5)
895:(1,50,6,2)
896:(1,50,6,4)
897:(1,50,6,5)
898:(1,50,8,2)
899:(1,50,8,4)
900:(1,50,8,5)
901:(1,50,9,2)
902:(1,50,9,4)
903:(1,50,9,5)
904:(1,50,10,2)
905:(1,50,10,4)
906:(1,50,10,5)
907:(1,51,4,5)
908:(1,51,5,5)
909:(1,51,6,5)
910:(1,51,8,5)
911:(1,51,9,5)
912:(1,51,10,5)
913:(1,52,4,5)
914:(1,52,5,5)
915:(1,52,6,5)
916:(1,52,8,5)
917:(1,52,9,5)
918:(1,52,10,5)
919:(1,53,4,5)
920:(1,53,5,5)
921:(1,53,6,5)
922:(1,53,8,5)
923:(1,53,9,5)
924:(1,53,10,5)
925:(1,54,4,5)
926:(1,54,5,5)
927:(1,54,6,5)
928:(1,54,8,5)
929:(1,54,9,5)
930:(1,54,10,5)
931:(1,55,4,5)
932:(1,55,5,5)
933:(1,55,6,5)
934:(1,55,8,5)
935:(1,55,9,5)
936:(1,55,10,5)
937:(1,56,4,4)
938:(1,56,4,5)
939:(1,56,5,4)
940:(1,56,5,5)
941:(1,56,6,4)
942:(1,56,6,5)
943:(1,56,8,4)
944:(1,56,8,5)
945:(1,56,9,4)
946:(1,56,9,5)
947:(1,56,10,4)
948:(1,56,10,5)
949:(1,57,4,5)
950:(1,57,5,5)
951:(1,57,6,5)
952:(1,57,8,5)
953:(1,57,9,5)
954:(1,57,10,5)
955:(1,58,4,5)
956:(1,58,5,5)
957:(1,58,6,5)
958:(1,58,8,5)
959:(1,58,9,5)
960:(1,58,10,5)
961:(1,59,4,5)
962:(1,59,5,5)
963:(1,59,6,5)
964:(1,59,8,5)
965:(1,59,9,5)
966:(1,59,10,5)
967:(1,60,4,1)
968:(1,60,4,3)
969:(1,60,4,4)
970:(1,60,4,5)
971:(1,60,5,1)
972:(1,60,5,3)
973:(1,60,5,4)
974:(1,60,5,5)
975:(1,60,6,1)
976:(1,60,6,3)
977:(1,60,6,4)
978:(1,60,6,5)
979:(1,60,8,1)
980:(1,60,8,3)
981:(1,60,8,4)
982:(1,60,8,5)
983:(1,60,9,1)
984:(1,60,9,3)
985:(1,60,9,4)
986:(1,60,9,5)
987:(1,60,10,1)
988:(1,60,10,3)
989:(1,60,10,4)
990:(1,60,10,5)
991:(1,61,4,5)
992:(1,61,5,5)
993:(1,61,6,5)
994:(1,61,8,5)
995:(1,61,9,5)
996:(1,61,10,5)
997:(1,62,4,5)
998:(1,62,5,5)
999:(1,62,6,5)
1000:(1,62,8,5)
1001:(1,62,9,5)
1002:(1,62,10,5)
1003:(1,63,4,5)
1004:(1,63,5,5)
1005:(1,63,6,5)
1006:(1,63,8,5)
1007:(1,63,9,5)
1008:(1,63,10,5)
1009:(1,64,4,5)
1010:(1,64,5,5)
1011:(1,64,6,5)
1012:(1,64,8,5)
1013:(1,64,9,5)
1014:(1,64,10,5)
1015:(1,65,4,4)
1016:(1,65,4,5)
1017:(1,65,5,4)
1018:(1,65,5,5)
1019:(1,65,6,4)
1020:(1,65,6,5)
1021:(1,65,8,4)
1022:(1,65,8,5)
1023:(1,65,9,4)
1024:(1,65,9,5)
1025:(1,65,10,4)
1026:(1,65,10,5)
1027:(1,66,4,3)
1028:(1,66,4,5)
1029:(1,66,5,3)
1030:(1,66,5,5)
1031:(1,66,6,3)
1032:(1,66,6,5)
1033:(1,66,8,3)
1034:(1,66,8,5)
1035:(1,66,9,3)
1036:(1,66,9,5)
1037:(1,66,10,3)
1038:(1,66,10,5)
1039:(1,67,4,5)
1040:(1,67,5,5)
1041:(1,67,6,5)
1042:(1,67,8,5)
1043:(1,67,9,5)
1044:(1,67,10,5)
1045:(1,68,4,5)
1046:(1,68,5,5)
1047:(1,68,6,5)
1048:(1,68,8,5)
1049:(1,68,9,5)
1050:(1,68,10,5)
1051:(1,69,4,5)
1052:(1,69,5,5)
1053:(1,69,6,5)
1054:(1,69,8,5)
1055:(1,69,9,5)
1056:(1,69,10,5)
1057:(1,70,4,2)
1058:(1,70,4,3)
1059:(1,70,4,4)
1060:(1,70,4,5)
1061:(1,70,5,2)
1062:(1,70,5,3)
1063:(1,70,5,4)
1064:(1,70,5,5)
1065:(1,70,6,2)
1066:(1,70,6,3)
1067:(1,70,6,4)
1068:(1,70,6,5)
1069:(1,70,8,2)
1070:(1,70,8,3)
1071:(1,70,8,4)
1072:(1,70,8,5)
1073:(1,70,9,2)
1074:(1,70,9,3)
1075:(1,70,9,4)
1076:(1,70,9,5)
1077:(1,70,10,2)
1078:(1,70,10,3)
1079:(1,70,10,4)
1080:(1,70,10,5)
1081:(1,71,4,5)
1082:(1,71,5,5)
1083:(1,71,6,5)
1084:(1,71,8,5)
1085:(1,71,9,5)
1086:(1,71,10,5)
1087:(1,72,4,5)
1088:(1,72,5,5)
1089:(1,72,6,5)
1090:(1,72,8,5)
1091:(1,72,9,5)
1092:(1,72,10,5)
1093:(1,73,4,5)
1094:(1,73,5,5)
1095:(1,73,6,5)
1096:(1,73,8,5)
1097:(1,73,9,5)
1098:(1,73,10,5)
1099:(1,74,4,5)
1100:(1,74,5,5)
1101:(1,74,6,5)
1102:(1,74,8,5)
1103:(1,74,9,5)
1104:(1,74,10,5)
1105:(1,75,4,3)
1106:(1,75,4,5)
1107:(1,75,5,3)
1108:(1,75,5,5)
1109:(1,75,6,3)
1110:(1,75,6,5)
1111:(1,75,8,3)
1112:(1,75,8,5)
1113:(1,75,9,3)
1114:(1,75,9,5)
1115:(1,75,10,3)
1116:(1,75,10,5)
1117:(1,76,4,4)
1118:(1,76,4,5)
1119:(1,76,5,4)
1120:(1,76,5,5)
1121:(1,76,6,4)
1122:(1,76,6,5)
1123:(1,76,8,4)
1124:(1,76,8,5)
1125:(1,76,9,4)
1126:(1,76,9,5)
1127:(1,76,10,4)
1128:(1,76,10,5)
1129:(1,77,4,5)
1130:(1,77,5,5)
1131:(1,77,6,5)
1132:(1,77,8,5)
1133:(1,77,9,5)
1134:(1,77,10,5)
1135:(1,78,4,5)
1136:(1,78,5,5)
1137:(1,78,6,5)
1138:(1,78,8,5)
1139:(1,78,9,5)
1140:(1,78,10,5)
1141:(1,79,4,5)
1142:(1,79,5,5)
1143:(1,79,6,5)
1144:(1,79,8,5)
1145:(1,79,9,5)
1146:(1,79,10,5)
1147:(1,80,4,2)
1148:(1,80,4,3)
1149:(1,80,4,4)
1150:(1,80,4,5)
1151:(1,80,5,2)
1152:(1,80,5,3)
1153:(1,80,5,4)
1154:(1,80,5,5)
1155:(1,80,6,2)
1156:(1,80,6,3)
1157:(1,80,6,4)
1158:(1,80,6,5)
1159:(1,80,8,2)
1160:(1,80,8,3)
1161:(1,80,8,4)
1162:(1,80,8,5)
1163:(1,80,9,2)
1164:(1,80,9,3)
1165:(1,80,9,4)
1166:(1,80,9,5)
1167:(1,80,10,2)
1168:(1,80,10,3)
1169:(1,80,10,4)
1170:(1,80,10,5)
1171:(1,81,4,5)
1172:(1,81,5,5)
1173:(1,81,6,5)
1174:(1,81,8,5)
1175:(1,81,9,5)
1176:(1,81,10,5)
1177:(1,82,4,5)
1178:(1,82,5,5)
1179:(1,82,6,5)
1180:(1,82,8,5)
1181:(1,82,9,5)
1182:(1,82,10,5)
1183:(1,83,4,5)
1184:(1,83,5,5)
1185:(1,83,6,5)
1186:(1,83,8,5)
1187:(1,83,9,5)
1188:(1,83,10,5)
1189:(1,84,4,5)
1190:(1,84,5,5)
1191:(1,84,6,5)
1192:(1,84,8,5)
1193:(1,84,9,5)
1194:(1,84,10,5)
1195:(1,85,4,4)
1196:(1,85,4,5)
1197:(1,85,5,4)
1198:(1,85,5,5)
1199:(1,85,6,4)
1200:(1,85,6,5)
1201:(1,85,8,4)
1202:(1,85,8,5)
1203:(1,85,9,4)
1204:(1,85,9,5)
1205:(1,85,10,4)
1206:(1,85,10,5)
1207:(1,86,4,4)
1208:(1,86,4,5)
1209:(1,86,5,4)
1210:(1,86,5,5)
1211:(1,86,6,4)
1212:(1,86,6,5)
1213:(1,86,8,4)
1214:(1,86,8,5)
1215:(1,86,9,4)
1216:(1,86,9,5)
1217:(1,86,10,4)
1218:(1,86,10,5)
1219:(1,87,4,5)
1220:(1,87,5,5)
1221:(1,87,6,5)
1222:(1,87,8,5)
1223:(1,87,9,5)
1224:(1,87,10,5)
1225:(1,88,4,5)
1226:(1,88,5,5)
1227:(1,88,6,5)
1228:(1,88,8,5)
1229:(1,88,9,5)
1230:(1,88,10,5)
1231:(1,89,4,5)
1232:(1,89,5,5)
1233:(1,89,6,5)
1234:(1,89,8,5)
1235:(1,89,9,5)
1236:(1,89,10,5)
1237:(1,90,4,1)
1238:(1,90,4,3)
1239:(1,90,4,4)
1240:(1,90,4,5)
1241:(1,90,5,1)
1242:(1,90,5,3)
1243:(1,90,5,4)
1244:(1,90,5,5)
1245:(1,90,6,1)
1246:(1,90,6,3)
1247:(1,90,6,4)
1248:(1,90,6,5)
1249:(1,90,8,1)
1250:(1,90,8,3)
1251:(1,90,8,4)
1252:(1,90,8,5)
1253:(1,90,9,1)
1254:(1,90,9,3)
1255:(1,90,9,4)
1256:(1,90,9,5)
1257:(1,90,10,1)
1258:(1,90,10,3)
1259:(1,90,10,4)
1260:(1,90,10,5)
1261:(1,91,4,5)
1262:(1,91,5,5)
1263:(1,91,6,5)
1264:(1,91,8,5)
1265:(1,91,9,5)
1266:(1,91,10,5)
1267:(1,92,4,5)
1268:(1,92,5,5)
1269:(1,92,6,5)
1270:(1,92,8,5)
1271:(1,92,9,5)
1272:(1,92,10,5)
1273:(1,93,4,5)
1274:(1,93,5,5)
1275:(1,93,6,5)
1276:(1,93,8,5)
1277:(1,93,9,5)
1278:(1,93,10,5)
1279:(1,94,4,5)
1280:(1,94,5,5)
1281:(1,94,6,5)
1282:(1,94,8,5)
1283:(1,94,9,5)
1284:(1,94,10,5)
1285:(1,95,4,4)
1286:(1,95,4,5)
1287:(1,95,5,4)
1288:(1,95,5,5)
1289:(1,95,6,4)
1290:(1,95,6,5)
1291:(1,95,8,4)
1292:(1,95,8,5)
1293:(1,95,9,4)
1294:(1,95,9,5)
1295:(1,95,10,4)
1296:(1,95,10,5)
1297:(1,96,4,3)
1298:(1,96,4,5)
1299:(1,96,5,3)
1300:(1,96,5,5)
1301:(1,96,6,3)
1302:(1,96,6,5)
1303:(1,96,8,3)
1304:(1,96,8,5)
1305:(1,96,9,3)
1306:(1,96,9,5)
1307:(1,96,10,3)
1308:(1,96,10,5)
1309:(1,97,4,5)
1310:(1,97,5,5)
1311:(1,97,6,5)
1312:(1,97,8,5)
1313:(1,97,9,5)
1314:(1,97,10,5)
1315:(1,98,4,5)
1316:(1,98,5,5)
1317:(1,98,6,5)
1318:(1,98,8,5)
1319:(1,98,9,5)
1320:(1,98,10,5)
1321:(1,99,4,5)
1322:(1,99,5,5)
1323:(1,99,6,5)
1324:(1,99,8,5)
1325:(1,99,9,5)
1326:(1,99,10,5)
1327:(1,100,4,0)
1328:(1,100,4,2)
1329:(1,100,4,4)
1330:(1,100,4,5)
1331:(1,100,5,0)
1332:(1,100,5,2)
1333:(1,100,5,4)
1334:(1,100,5,5)
1335:(1,100,6,0)
1336:(1,100,6,2)
1337:(1,100,6,4)
1338:(1,100,6,5)
1339:(1,100,8,0)
1340:(1,100,8,2)
1341:(1,100,8,4)
1342:(1,100,8,5)
1343:(1,100,9,0)
1344:(1,100,9,2)
1345:(1,100,9,4)
1346:(1,100,9,5)
1347:(1,100,10,0)
1348:(1,100,10,2)
1349:(1,100,10,4)
1350:(1,100,10,5)
1351:(1,101,4,5)
1352:(1,101,5,5)
1353:(1,101,6,5)
1354:(1,101,8,5)
1355:(1,101,9,5)
1356:(1,101,10,5)
1357:(1,102,4,5)
1358:(1,102,5,5)
1359:(1,102,6,5)
1360:(1,102,8,5)
1361:(1,102,9,5)
1362:(1,102,10,5)
1363:(1,103,4,5)
1364:(1,103,5,5)
1365:(1,103,6,5)
1366:(1,103,8,5)
1367:(1,103,9,5)
1368:(1,103,10,5)
1369:(1,104,4,5)
1370:(1,104,5,5)
1371:(1,104,6,5)
1372:(1,104,8,5)
1373:(1,104,9,5)
1374:(1,104,10,5)
1375:(1,105,4,3)
1376:(1,105,4,5)
1377:(1,105,5,3)
1378:(1,105,5,5)
1379:(1,105,6,3)
1380:(1,105,6,5)
1381:(1,105,8,3)
1382:(1,105,8,5)
1383:(1,105,9,3)
1384:(1,105,9,5)
1385:(1,105,10,3)
1386:(1,105,10,5)
1387:(1,106,4,2)
1388:(1,106,4,4)
1389:(1,106,4,5)
1390:(1,106,5,2)
1391:(1,106,5,4)
1392:(1,106,5,5)
1393:(1,106,6,2)
1394:(1,106,6,4)
1395:(1,106,6,5)
1396:(1,106,8,2)
1397:(1,106,8,4)
1398:(1,106,8,5)
1399:(1,106,9,2)
1400:(1,106,9,4)
1401:(1,106,9,5)
1402:(1,106,10,2)
1403:(1,106,10,4)
1404:(1,106,10,5)
1405:(1,107,4,5)
1406:(1,107,5,5)
1407:(1,107,6,5)
1408:(1,107,8,5)
1409:(1,107,9,5)
1410:(1,107,10,5)
1411:(1,108,4,5)
1412:(1,108,5,5)
1413:(1,108,6,5)
1414:(1,108,8,5)
1415:(1,108,9,5)
1416:(1,108,10,5)
1417:(1,109,4,5)
1418:(1,109,5,5)
1419:(1,109,6,5)
1420:(1,109,8,5)
1421:(1,109,9,5)
1422:(1,109,10,5)
1423:(1,110,4,1)
1424:(1,110,4,3)
1425:(1,110,4,4)
1426:(1,110,4,5)
1427:(1,110,5,1)
1428:(1,110,5,3)
1429:(1,110,5,4)
1430:(1,110,5,5)
1431:(1,110,6,1)
1432:(1,110,6,3)
1433:(1,110,6,4)
1434:(1,110,6,5)
1435:(1,110,8,1)
1436:(1,110,8,3)
1437:(1,110,8,4)
1438:(1,110,8,5)
1439:(1,110,9,1)
1440:(1,110,9,3)
1441:(1,110,9,4)
1442:(1,110,9,5)
1443:(1,110,10,1)
1444:(1,110,10,3)
1445:(1,110,10,4)
1446:(1,110,10,5)
1447:(1,111,4,5)
1448:(1,111,5,5)
1449:(1,111,6,5)
1450:(1,111,8,5)
1451:(1,111,9,5)
1452:(1,111,10,5)
1453:(1,112,4,4)
1454:(1,112,4,5)
1455:(1,112,5,4)
1456:(1,112,5,5)
1457:(1,112,6,4)
1458:(1,112,6,5)
1459:(1,112,8,4)
1460:(1,112,8,5)
1461:(1,112,9,4)
1462:(1,112,9,5)
1463:(1,112,10,4)
1464:(1,112,10,5)
1465:(1,113,4,5)
1466:(1,113,5,5)
1467:(1,113,6,5)
1468:(1,113,8,5)
1469:(1,113,9,5)
1470:(1,113,10,5)
1471:(1,114,4,5)
1472:(1,114,5,5)
1473:(1,114,6,5)
1474:(1,114,8,5)
1475:(1,114,9,5)
1476:(1,114,10,5)
1477:(1,115,4,2)
1478:(1,115,4,4)
1479:(1,115,4,5)
1480:(1,115,5,2)
1481:(1,115,5,4)
1482:(1,115,5,5)
1483:(1,115,6,2)
1484:(1,115,6,4)
1485:(1,115,6,5)
1486:(1,115,8,2)
1487:(1,115,8,4)
1488:(1,115,8,5)
1489:(1,115,9,2)
1490:(1,115,9,4)
1491:(1,115,9,5)
1492:(1,115,10,2)
1493:(1,115,10,4)
1494:(1,115,10,5)
1495:(1,116,4,3)
1496:(1,116,4,4)
1497:(1,116,4,5)
1498:(1,116,5,3)
1499:(1,116,5,4)
1500:(1,116,5,5)
1501:(1,116,6,3)
1502:(1,116,6,4)
1503:(1,116,6,5)
1504:(1,116,8,3)
1505:(1,116,8,4)
1506:(1,116,8,5)
1507:(1,116,9,3)
1508:(1,116,9,4)
1509:(1,116,9,5)
1510:(1,116,10,3)
1511:(1,116,10,4)
1512:(1,116,10,5)
1513:(1,117,4,5)
1514:(1,117,5,5)
1515:(1,117,6,5)
1516:(1,117,8,5)
1517:(1,117,9,5)
1518:(1,117,10,5)
1519:(1,118,4,5)
1520:(1,118,5,5)
1521:(1,118,6,5)
1522:(1,118,8,5)
1523:(1,118,9,5)
1524:(1,118,10,5)
1525:(1,119,4,5)
1526:(1,119,5,5)
1527:(1,119,6,5)
1528:(1,119,8,5)
1529:(1,119,9,5)
1530:(1,119,10,5)
1531:(1,120,4,2)
1532:(1,120,4,3)
1533:(1,120,4,4)
1534:(1,120,4,5)
1535:(1,120,5,2)
1536:(1,120,5,3)
1537:(1,120,5,4)
1538:(1,120,5,5)
1539:(1,120,6,2)
1540:(1,120,6,3)
1541:(1,120,6,4)
1542:(1,120,6,5)
1543:(1,120,8,2)
1544:(1,120,8,3)
1545:(1,120,8,4)
1546:(1,120,8,5)
1547:(1,120,9,2)
1548:(1,120,9,3)
1549:(1,120,9,4)
1550:(1,120,9,5)
1551:(1,120,10,2)
1552:(1,120,10,3)
1553:(1,120,10,4)
1554:(1,120,10,5)
1555:(1,121,4,4)
1556:(1,121,4,5)
1557:(1,121,5,4)
1558:(1,121,5,5)
1559:(1,121,6,4)
1560:(1,121,6,5)
1561:(1,121,8,4)
1562:(1,121,8,5)
1563:(1,121,9,4)
1564:(1,121,9,5)
1565:(1,121,10,4)
1566:(1,121,10,5)
1567:(1,122,4,5)
1568:(1,122,5,5)
1569:(1,122,6,5)
1570:(1,122,8,5)
1571:(1,122,9,5)
1572:(1,122,10,5)
1573:(1,123,4,5)
1574:(1,123,5,5)
1575:(1,123,6,5)
1576:(1,123,8,5)
1577:(1,123,9,5)
1578:(1,123,10,5)
1579:(1,124,4,5)
1580:(1,124,5,5)
1581:(1,124,6,5)
1582:(1,124,8,5)
1583:(1,124,9,5)
1584:(1,124,10,5)
1585:(1,125,4,3)
1586:(1,125,4,4)
1587:(1,125,4,5)
1588:(1,125,5,3)
1589:(1,125,5,4)
1590:(1,125,5,5)
1591:(1,125,6,3)
1592:(1,125,6,4)
1593:(1,125,6,5)
1594:(1,125,8,3)
1595:(1,125,8,4)
1596:(1,125,8,5)
1597:(1,125,9,3)
1598:(1,125,9,4)
1599:(1,125,9,5)
1600:(1,125,10,3)
1601:(1,125,10,4)
1602:(1,125,10,5)
1603:(1,126,4,3)
1604:(1,126,4,4)
1605:(1,126,4,5)
1606:(1,126,5,3)
1607:(1,126,5,4)
1608:(1,126,5,5)
1609:(1,126,6,3)
1610:(1,126,6,4)
1611:(1,126,6,5)
1612:(1,126,8,3)
1613:(1,126,8,4)
1614:(1,126,8,5)
1615:(1,126,9,3)
1616:(1,126,9,4)
1617:(1,126,9,5)
1618:(1,126,10,3)
1619:(1,126,10,4)
1620:(1,126,10,5)
1621:(1,127,4,5)
1622:(1,127,5,5)
1623:(1,127,6,5)
1624:(1,127,8,5)
1625:(1,127,9,5)
1626:(1,127,10,5)
1627:(1,128,4,5)
1628:(1,128,5,5)
1629:(1,128,6,5)
1630:(1,128,8,5)
1631:(1,128,9,5)
1632:(1,128,10,5)
1633:(1,129,4,5)
1634:(1,129,5,5)
1635:(1,129,6,5)
1636:(1,129,8,5)
1637:(1,129,9,5)
1638:(1,129,10,5)
1639:(1,130,4,2)
1640:(1,130,4,3)
1641:(1,130,4,4)
1642:(1,130,4,5)
1643:(1,130,5,2)
1644:(1,130,5,3)
1645:(1,130,5,4)
1646:(1,130,5,5)
1647:(1,130,6,2)
1648:(1,130,6,3)
1649:(1,130,6,4)
1650:(1,130,6,5)
1651:(1,130,8,2)
1652:(1,130,8,3)
1653:(1,130,8,4)
1654:(1,130,8,5)
1655:(1,130,9,2)
1656:(1,130,9,3)
1657:(1,130,9,4)
1658:(1,130,9,5)
1659:(1,130,10,2)
1660:(1,130,10,3)
1661:(1,130,10,4)
1662:(1,130,10,5)
1663:(1,131,4,5)
1664:(1,131,5,5)
1665:(1,131,6,5)
1666:(1,131,8,5)
1667:(1,131,9,5)
1668:(1,131,10,5)
1669:(1,132,4,5)
1670:(1,132,5,5)
1671:(1,132,6,5)
1672:(1,132,8,5)
1673:(1,132,9,5)
1674:(1,132,10,5)
1675:(1,133,4,5)
1676:(1,133,5,5)
1677:(1,133,6,5)
1678:(1,133,8,5)
1679:(1,133,9,5)
1680:(1,133,10,5)
1681:(1,134,4,5)
1682:(1,134,5,5)
1683:(1,134,6,5)
1684:(1,134,8,5)
1685:(1,134,9,5)
1686:(1,134,10,5)
1687:(1,135,4,3)
1688:(1,135,4,4)
1689:(1,135,4,5)
1690:(1,135,5,3)
1691:(1,135,5,4)
1692:(1,135,5,5)
1693:(1,135,6,3)
1694:(1,135,6,4)
1695:(1,135,6,5)
1696:(1,135,8,3)
1697:(1,135,8,4)
1698:(1,135,8,5)
1699:(1,135,9,3)
1700:(1,135,9,4)
1701:(1,135,9,5)
1702:(1,135,10,3)
1703:(1,135,10,4)
1704:(1,135,10,5)
1705:(1,136,4,2)
1706:(1,136,4,4)
1707:(1,136,4,5)
1708:(1,136,5,2)
1709:(1,136,5,4)
1710:(1,136,5,5)
1711:(1,136,6,2)
1712:(1,136,6,4)
1713:(1,136,6,5)
1714:(1,136,8,2)
1715:(1,136,8,4)
1716:(1,136,8,5)
1717:(1,136,9,2)
1718:(1,136,9,4)
1719:(1,136,9,5)
1720:(1,136,10,2)
1721:(1,136,10,4)
1722:(1,136,10,5)
1723:(1,137,4,5)
1724:(1,137,5,5)
1725:(1,137,6,5)
1726:(1,137,8,5)
1727:(1,137,9,5)
1728:(1,137,10,5)
1729:(1,138,4,5)
1730:(1,138,5,5)
1731:(1,138,6,5)
1732:(1,138,8,5)
1733:(1,138,9,5)
1734:(1,138,10,5)
1735:(1,139,4,5)
1736:(1,139,5,5)
1737:(1,139,6,5)
1738:(1,139,8,5)
1739:(1,139,9,5)
1740:(1,139,10,5)
1741:(1,140,4,3)
1742:(1,140,4,4)
1743:(1,140,4,5)
1744:(1,140,5,3)
1745:(1,140,5,4)
1746:(1,140,5,5)
1747:(1,140,6,3)
1748:(1,140,6,4)
1749:(1,140,6,5)
1750:(1,140,8,3)
1751:(1,140,8,4)
1752:(1,140,8,5)
1753:(1,140,9,3)
1754:(1,140,9,4)
1755:(1,140,9,5)
1756:(1,140,10,3)
1757:(1,140,10,4)
1758:(1,140,10,5)
1759:(1,141,4,5)
1760:(1,141,5,5)
1761:(1,141,6,5)
1762:(1,141,8,5)
1763:(1,141,9,5)
1764:(1,141,10,5)
1765:(1,142,4,4)
1766:(1,142,4,5)
1767:(1,142,5,4)
1768:(1,142,5,5)
1769:(1,142,6,4)
1770:(1,142,6,5)
1771:(1,142,8,4)
1772:(1,142,8,5)
1773:(1,142,9,4)
1774:(1,142,9,5)
1775:(1,142,10,4)
1776:(1,142,10,5)
1777:(1,143,4,5)
1778:(1,143,5,5)
1779:(1,143,6,5)
1780:(1,143,8,5)
1781:(1,143,9,5)
1782:(1,143,10,5)
1783:(1,144,4,5)
1784:(1,144,5,5)
1785:(1,144,6,5)
1786:(1,144,8,5)
1787:(1,144,9,5)
1788:(1,144,10,5)
1789:(1,145,4,2)
1790:(1,145,4,4)
1791:(1,145,4,5)
1792:(1,145,5,2)
1793:(1,145,5,4)
1794:(1,145,5,5)
1795:(1,145,6,2)
1796:(1,145,6,4)
1797:(1,145,6,5)
1798:(1,145,8,2)
1799:(1,145,8,4)
1800:(1,145,8,5)
1801:(1,145,9,2)
1802:(1,145,9,4)
1803:(1,145,9,5)
1804:(1,145,10,2)
1805:(1,145,10,4)
1806:(1,145,10,5)
1807:(1,146,4,1)
1808:(1,146,4,3)
1809:(1,146,4,5)
1810:(1,146,5,1)
1811:(1,146,5,3)
1812:(1,146,5,5)
1813:(1,146,6,1)
1814:(1,146,6,3)
1815:(1,146,6,5)
1816:(1,146,8,1)
1817:(1,146,8,3)
1818:(1,146,8,5)
1819:(1,146,9,1)
1820:(1,146,9,3)
1821:(1,146,9,5)
1822:(1,146,10,1)
1823:(1,146,10,3)
1824:(1,146,10,5)
1825:(1,147,4,5)
1826:(1,147,5,5)
1827:(1,147,6,5)
1828:(1,147,8,5)
1829:(1,147,9,5)
1830:(1,147,10,5)
1831:(1,148,4,5)
1832:(1,148,5,5)
1833:(1,148,6,5)
1834:(1,148,8,5)
1835:(1,148,9,5)
1836:(1,148,10,5)
1837:(1,149,4,5)
1838:(1,149,5,5)
1839:(1,149,6,5)
1840:(1,149,8,5)
1841:(1,149,9,5)
1842:(1,149,10,5)
1843:(1,150,4,3)
1844:(1,150,4,4)
1845:(1,150,4,5)
1846:(1,150,5,3)
1847:(1,150,5,4)
1848:(1,150,5,5)
1849:(1,150,6,3)
1850:(1,150,6,4)
1851:(1,150,6,5)
1852:(1,150,8,3)
1853:(1,150,8,4)
1854:(1,150,8,5)
1855:(1,150,9,3)
1856:(1,150,9,4)
1857:(1,150,9,5)
1858:(1,150,10,3)
1859:(1,150,10,4)
1860:(1,150,10,5)
1861:(1,151,4,4)
1862:(1,151,4,5)
1863:(1,151,5,4)
1864:(1,151,5,5)
1865:(1,151,6,4)
1866:(1,151,6,5)
1867:(1,151,8,4)
1868:(1,151,8,5)
1869:(1,151,9,4)
1870:(1,151,9,5)
1871:(1,151,10,4)
1872:(1,151,10,5)
1873:(1,152,4,3)
1874:(1,152,4,5)
1875:(1,152,5,3)
1876:(1,152,5,5)
1877:(1,152,6,3)
1878:(1,152,6,5)
1879:(1,152,8,3)
1880:(1,152,8,5)
1881:(1,152,9,3)
1882:(1,152,9,5)
1883:(1,152,10,3)
1884:(1,152,10,5)
1885:(1,153,4,5)
1886:(1,153,5,5)
1887:(1,153,6,5)
1888:(1,153,8,5)
1889:(1,153,9,5)
1890:(1,153,10,5)
1891:(1,154,4,5)
1892:(1,154,5,5)
1893:(1,154,6,5)
1894:(1,154,8,5)
1895:(1,154,9,5)
1896:(1,154,10,5)
1897:(1,155,4,1)
1898:(1,155,4,3)
1899:(1,155,4,5)
1900:(1,155,5,1)
1901:(1,155,5,3)
1902:(1,155,5,5)
1903:(1,155,6,1)
1904:(1,155,6,3)
1905:(1,155,6,5)
1906:(1,155,8,1)
1907:(1,155,8,3)
1908:(1,155,8,5)
1909:(1,155,9,1)
1910:(1,155,9,3)
1911:(1,155,9,5)
1912:(1,155,10,1)
1913:(1,155,10,3)
1914:(1,155,10,5)
1915:(1,156,4,2)
1916:(1,156,4,4)
1917:(1,156,4,5)
1918:(1,156,5,2)
1919:(1,156,5,4)
1920:(1,156,5,5)
1921:(1,156,6,2)
1922:(1,156,6,4)
1923:(1,156,6,5)
1924:(1,156,8,2)
1925:(1,156,8,4)
1926:(1,156,8,5)
1927:(1,156,9,2)
1928:(1,156,9,4)
1929:(1,156,9,5)
1930:(1,156,10,2)
1931:(1,156,10,4)
1932:(1,156,10,5)
1933:(1,157,4,5)
1934:(1,157,5,5)
1935:(1,157,6,5)
1936:(1,157,8,5)
1937:(1,157,9,5)
1938:(1,157,10,5)
1939:(1,158,4,5)
1940:(1,158,5,5)
1941:(1,158,6,5)
1942:(1,158,8,5)
1943:(1,158,9,5)
1944:(1,158,10,5)
1945:(1,159,4,5)
1946:(1,159,5,5)
1947:(1,159,6,5)
1948:(1,159,8,5)
1949:(1,159,9,5)
1950:(1,159,10,5)
1951:(1,160,4,2)
1952:(1,160,4,4)
1953:(1,160,4,5)
1954:(1,160,5,2)
1955:(1,160,5,4)
1956:(1,160,5,5)
1957:(1,160,6,2)
1958:(1,160,6,4)
1959:(1,160,6,5)
1960:(1,160,8,2)
1961:(1,160,8,4)
1962:(1,160,8,5)
1963:(1,160,9,2)
1964:(1,160,9,4)
1965:(1,160,9,5)
1966:(1,160,10,2)
1967:(1,160,10,4)
1968:(1,160,10,5)
1969:(1,161,4,3)
1970:(1,161,4,5)
1971:(1,161,5,3)
1972:(1,161,5,5)
1973:(1,161,6,3)
1974:(1,161,6,5)
1975:(1,161,8,3)
1976:(1,161,8,5)
1977:(1,161,9,3)
1978:(1,161,9,5)
1979:(1,161,10,3)
1980:(1,161,10,5)
1981:(1,162,4,4)
1982:(1,162,4,5)
1983:(1,162,5,4)
1984:(1,162,5,5)
1985:(1,162,6,4)
1986:(1,162,6,5)
1987:(1,162,8,4)
1988:(1,162,8,5)
1989:(1,162,9,4)
1990:(1,162,9,5)
1991:(1,162,10,4)
1992:(1,162,10,5)
1993:(1,163,4,5)
1994:(1,163,5,5)
1995:(1,163,6,5)
1996:(1,163,8,5)
1997:(1,163,9,5)
1998:(1,163,10,5)
1999:(1,164,4,5)
2000:(1,164,5,5)
2001:(1,164,6,5)
2002:(1,164,8,5)
2003:(1,164,9,5)
2004:(1,164,10,5)
2005:(1,165,4,2)
2006:(1,165,4,4)
2007:(1,165,4,5)
2008:(1,165,5,2)
2009:(1,165,5,4)
2010:(1,165,5,5)
2011:(1,165,6,2)
2012:(1,165,6,4)
2013:(1,165,6,5)
2014:(1,165,8,2)
2015:(1,165,8,4)
2016:(1,165,8,5)
2017:(1,165,9,2)
2018:(1,165,9,4)
2019:(1,165,9,5)
2020:(1,165,10,2)
2021:(1,165,10,4)
2022:(1,165,10,5)
2023:(1,166,4,3)
2024:(1,166,4,4)
2025:(1,166,4,5)
2026:(1,166,5,3)
2027:(1,166,5,4)
2028:(1,166,5,5)
2029:(1,166,6,3)
2030:(1,166,6,4)
2031:(1,166,6,5)
2032:(1,166,8,3)
2033:(1,166,8,4)
2034:(1,166,8,5)
2035:(1,166,9,3)
2036:(1,166,9,4)
2037:(1,166,9,5)
2038:(1,166,10,3)
2039:(1,166,10,4)
2040:(1,166,10,5)
2041:(1,167,4,5)
2042:(1,167,5,5)
2043:(1,167,6,5)
2044:(1,167,8,5)
2045:(1,167,9,5)
2046:(1,167,10,5)
2047:(1,168,4,5)
2048:(1,168,5,5)
2049:(1,168,6,5)
2050:(1,168,8,5)
2051:(1,168,9,5)
2052:(1,168,10,5)
2053:(1,169,4,5)
2054:(1,169,5,5)
2055:(1,169,6,5)
2056:(1,169,8,5)
2057:(1,169,9,5)
2058:(1,169,10,5)
2059:(1,170,4,1)
2060:(1,170,4,3)
2061:(1,170,4,5)
2062:(1,170,5,1)
2063:(1,170,5,3)
2064:(1,170,5,5)
2065:(1,170,6,1)
2066:(1,170,6,3)
2067:(1,170,6,5)
2068:(1,170,8,1)
2069:(1,170,8,3)
2070:(1,170,8,5)
2071:(1,170,9,1)
2072:(1,170,9,3)
2073:(1,170,9,5)
2074:(1,170,10,1)
2075:(1,170,10,3)
2076:(1,170,10,5)
2077:(1,171,4,4)
2078:(1,171,4,5)
2079:(1,171,5,4)
2080:(1,171,5,5)
2081:(1,171,6,4)
2082:(1,171,6,5)
2083:(1,171,8,4)
2084:(1,171,8,5)
2085:(1,171,9,4)
2086:(1,171,9,5)
2087:(1,171,10,4)
2088:(1,171,10,5)
2089:(1,172,4,4)
2090:(1,172,4,5)
2091:(1,172,5,4)
2092:(1,172,5,5)
2093:(1,172,6,4)
2094:(1,172,6,5)
2095:(1,172,8,4)
2096:(1,172,8,5)
2097:(1,172,9,4)
2098:(1,172,9,5)
2099:(1,172,10,4)
2100:(1,172,10,5)
2101:(1,173,4,5)
2102:(1,173,5,5)
2103:(1,173,6,5)
2104:(1,173,8,5)
2105:(1,173,9,5)
2106:(1,173,10,5)
2107:(1,174,4,5)
2108:(1,174,5,5)
2109:(1,174,6,5)
2110:(1,174,8,5)
2111:(1,174,9,5)
2112:(1,174,10,5)
2113:(1,175,4,3)
2114:(1,175,4,4)
2115:(1,175,4,5)
2116:(1,175,5,3)
2117:(1,175,5,4)
2118:(1,175,5,5)
2119:(1,175,6,3)
2120:(1,175,6,4)
2121:(1,175,6,5)
2122:(1,175,8,3)
2123:(1,175,8,4)
2124:(1,175,8,5)
2125:(1,175,9,3)
2126:(1,175,9,4)
2127:(1,175,9,5)
2128:(1,175,10,3)
2129:(1,175,10,4)
2130:(1,175,10,5)
2131:(1,176,4,3)
2132:(1,176,4,4)
2133:(1,176,4,5)
2134:(1,176,5,3)
2135:(1,176,5,4)
2136:(1,176,5,5)
2137:(1,176,6,3)
2138:(1,176,6,4)
2139:(1,176,6,5)
2140:(1,176,8,3)
2141:(1,176,8,4)
2142:(1,176,8,5)
2143:(1,176,9,3)
2144:(1,176,9,4)
2145:(1,176,9,5)
2146:(1,176,10,3)
2147:(1,176,10,4)
2148:(1,176,10,5)
2149:(1,177,4,5)
2150:(1,177,5,5)
2151:(1,177,6,5)
2152:(1,177,8,5)
2153:(1,177,9,5)
2154:(1,177,10,5)
2155:(1,178,4,5)
2156:(1,178,5,5)
2157:(1,178,6,5)
2158:(1,178,8,5)
2159:(1,178,9,5)
2160:(1,178,10,5)
2161:(1,179,4,5)
2162:(1,179,5,5)
2163:(1,179,6,5)
2164:(1,179,8,5)
2165:(1,179,9,5)
2166:(1,179,10,5)
2167:(1,180,4,2)
2168:(1,180,4,4)
2169:(1,180,4,5)
2170:(1,180,5,2)
2171:(1,180,5,4)
2172:(1,180,5,5)
2173:(1,180,6,2)
2174:(1,180,6,4)
2175:(1,180,6,5)
2176:(1,180,8,2)
2177:(1,180,8,4)
2178:(1,180,8,5)
2179:(1,180,9,2)
2180:(1,180,9,4)
2181:(1,180,9,5)
2182:(1,180,10,2)
2183:(1,180,10,4)
2184:(1,180,10,5)
2185:(1,181,4,4)
2186:(1,181,4,5)
2187:(1,181,5,4)
2188:(1,181,5,5)
2189:(1,181,6,4)
2190:(1,181,6,5)
2191:(1,181,8,4)
2192:(1,181,8,5)
2193:(1,181,9,4)
2194:(1,181,9,5)
2195:(1,181,10,4)
2196:(1,181,10,5)
2197:(1,182,4,3)
2198:(1,182,4,5)
2199:(1,182,5,3)
2200:(1,182,5,5)
2201:(1,182,6,3)
2202:(1,182,6,5)
2203:(1,182,8,3)
2204:(1,182,8,5)
2205:(1,182,9,3)
2206:(1,182,9,5)
2207:(1,182,10,3)
2208:(1,182,10,5)
2209:(1,183,4,5)
2210:(1,183,5,5)
2211:(1,183,6,5)
2212:(1,183,8,5)
2213:(1,183,9,5)
2214:(1,183,10,5)
2215:(1,184,4,5)
2216:(1,184,5,5)
2217:(1,184,6,5)
2218:(1,184,8,5)
2219:(1,184,9,5)
2220:(1,184,10,5)
2221:(1,185,4,3)
2222:(1,185,4,4)
2223:(1,185,4,5)
2224:(1,185,5,3)
2225:(1,185,5,4)
2226:(1,185,5,5)
2227:(1,185,6,3)
2228:(1,185,6,4)
2229:(1,185,6,5)
2230:(1,185,8,3)
2231:(1,185,8,4)
2232:(1,185,8,5)
2233:(1,185,9,3)
2234:(1,185,9,4)
2235:(1,185,9,5)
2236:(1,185,10,3)
2237:(1,185,10,4)
2238:(1,185,10,5)
2239:(1,186,4,4)
2240:(1,186,4,5)
2241:(1,186,5,4)
2242:(1,186,5,5)
2243:(1,186,6,4)
2244:(1,186,6,5)
2245:(1,186,8,4)
2246:(1,186,8,5)
2247:(1,186,9,4)
2248:(1,186,9,5)
2249:(1,186,10,4)
2250:(1,186,10,5)
2251:(1,187,4,5)
2252:(1,187,5,5)
2253:(1,187,6,5)
2254:(1,187,8,5)
2255:(1,187,9,5)
2256:(1,187,10,5)
2257:(1,188,4,5)
2258:(1,188,5,5)
2259:(1,188,6,5)
2260:(1,188,8,5)
2261:(1,188,9,5)
2262:(1,188,10,5)
2263:(1,189,4,5)
2264:(1,189,5,5)
2265:(1,189,6,5)
2266:(1,189,8,5)
2267:(1,189,9,5)
2268:(1,189,10,5)
2269:(1,190,4,3)
2270:(1,190,4,4)
2271:(1,190,4,5)
2272:(1,190,5,3)
2273:(1,190,5,4)
2274:(1,190,5,5)
2275:(1,190,6,3)
2276:(1,190,6,4)
2277:(1,190,6,5)
2278:(1,190,8,3)
2279:(1,190,8,4)
2280:(1,190,8,5)
2281:(1,190,9,3)
2282:(1,190,9,4)
2283:(1,190,9,5)
2284:(1,190,10,3)
2285:(1,190,10,4)
2286:(1,190,10,5)
2287:(1,191,4,3)
2288:(1,191,4,5)
2289:(1,191,5,3)
2290:(1,191,5,5)
2291:(1,191,6,3)
2292:(1,191,6,5)
2293:(1,191,8,3)
2294:(1,191,8,5)
2295:(1,191,9,3)
2296:(1,191,9,5)
2297:(1,191,10,3)
2298:(1,191,10,5)
2299:(1,192,4,2)
2300:(1,192,4,4)
2301:(1,192,4,5)
2302:(1,192,5,2)
2303:(1,192,5,4)
2304:(1,192,5,5)
2305:(1,192,6,2)
2306:(1,192,6,4)
2307:(1,192,6,5)
2308:(1,192,8,2)
2309:(1,192,8,4)
2310:(1,192,8,5)
2311:(1,192,9,2)
2312:(1,192,9,4)
2313:(1,192,9,5)
2314:(1,192,10,2)
2315:(1,192,10,4)
2316:(1,192,10,5)
2317:(1,193,4,5)
2318:(1,193,5,5)
2319:(1,193,6,5)
2320:(1,193,8,5)
2321:(1,193,9,5)
2322:(1,193,10,5)
2323:(1,194,4,5)
2324:(1,194,5,5)
2325:(1,194,6,5)
2326:(1,194,8,5)
2327:(1,194,9,5)
2328:(1,194,10,5)
2329:(1,195,4,4)
2330:(1,195,4,5)
2331:(1,195,5,4)
2332:(1,195,5,5)
2333:(1,195,6,4)
2334:(1,195,6,5)
2335:(1,195,8,4)
2336:(1,195,8,5)
2337:(1,195,9,4)
2338:(1,195,9,5)
2339:(1,195,10,4)
2340:(1,195,10,5)
2341:(1,196,4,4)
2342:(1,196,4,5)
2343:(1,196,5,4)
2344:(1,196,5,5)
2345:(1,196,6,4)
2346:(1,196,6,5)
2347:(1,196,8,4)
2348:(1,196,8,5)
2349:(1,196,9,4)
2350:(1,196,9,5)
2351:(1,196,10,4)
2352:(1,196,10,5)
2353:(1,197,4,5)
2354:(1,197,5,5)
2355:(1,197,6,5)
2356:(1,197,8,5)
2357:(1,197,9,5)
2358:(1,197,10,5)
2359:(1,198,4,4)
2360:(1,198,4,5)
2361:(1,198,5,4)
2362:(1,198,5,5)
2363:(1,198,6,4)
2364:(1,198,6,5)
2365:(1,198,8,4)
2366:(1,198,8,5)
2367:(1,198,9,4)
2368:(1,198,9,5)
2369:(1,198,10,4)
2370:(1,198,10,5)
2371:(1,199,4,5)
2372:(1,199,5,5)
2373:(1,199,6,5)
2374:(1,199,8,5)
2375:(1,199,9,5)
2376:(1,199,10,5)
2377:(1,200,4,3)
2378:(1,200,4,4)
2379:(1,200,4,5)
2380:(1,200,5,3)
2381:(1,200,5,4)
2382:(1,200,5,5)
2383:(1,200,6,3)
2384:(1,200,6,4)
2385:(1,200,6,5)
2386:(1,200,8,3)
2387:(1,200,8,4)
2388:(1,200,8,5)
2389:(1,200,9,3)
2390:(1,200,9,4)
2391:(1,200,9,5)
2392:(1,200,10,3)
2393:(1,200,10,4)
2394:(1,200,10,5)
2395:(1,201,4,2)
2396:(1,201,4,4)
2397:(1,201,4,5)
2398:(1,201,5,2)
2399:(1,201,5,4)
2400:(1,201,5,5)
2401:(1,201,6,2)
2402:(1,201,6,4)
2403:(1,201,6,5)
2404:(1,201,8,2)
2405:(1,201,8,4)
2406:(1,201,8,5)
2407:(1,201,9,2)
2408:(1,201,9,4)
2409:(1,201,9,5)
2410:(1,201,10,2)
2411:(1,201,10,4)
2412:(1,201,10,5)
2413:(1,202,4,3)
2414:(1,202,4,5)
2415:(1,202,5,3)
2416:(1,202,5,5)
2417:(1,202,6,3)
2418:(1,202,6,5)
2419:(1,202,8,3)
2420:(1,202,8,5)
2421:(1,202,9,3)
2422:(1,202,9,5)
2423:(1,202,10,3)
2424:(1,202,10,5)
2425:(1,203,4,5)
2426:(1,203,5,5)
2427:(1,203,6,5)
2428:(1,203,8,5)
2429:(1,203,9,5)
2430:(1,203,10,5)
2431:(1,204,4,5)
2432:(1,204,5,5)
2433:(1,204,6,5)
2434:(1,204,8,5)
2435:(1,204,9,5)
2436:(1,204,10,5)
2437:(1,205,4,4)
2438:(1,205,4,5)
2439:(1,205,5,4)
2440:(1,205,5,5)
2441:(1,205,6,4)
2442:(1,205,6,5)
2443:(1,205,8,4)
2444:(1,205,8,5)
2445:(1,205,9,4)
2446:(1,205,9,5)
2447:(1,205,10,4)
2448:(1,205,10,5)
2449:(1,206,4,3)
2450:(1,206,4,5)
2451:(1,206,5,3)
2452:(1,206,5,5)
2453:(1,206,6,3)
2454:(1,206,6,5)
2455:(1,206,8,3)
2456:(1,206,8,5)
2457:(1,206,9,3)
2458:(1,206,9,5)
2459:(1,206,10,3)
2460:(1,206,10,5)
2461:(1,207,4,4)
2462:(1,207,4,5)
2463:(1,207,5,4)
2464:(1,207,5,5)
2465:(1,207,6,4)
2466:(1,207,6,5)
2467:(1,207,8,4)
2468:(1,207,8,5)
2469:(1,207,9,4)
2470:(1,207,9,5)
2471:(1,207,10,4)
2472:(1,207,10,5)
2473:(1,208,4,5)
2474:(1,208,5,5)
2475:(1,208,6,5)
2476:(1,208,8,5)
2477:(1,208,9,5)
2478:(1,208,10,5)
2479:(1,209,4,5)
2480:(1,209,5,5)
2481:(1,209,6,5)
2482:(1,209,8,5)
2483:(1,209,9,5)
2484:(1,209,10,5)
2485:(1,210,4,2)
2486:(1,210,4,4)
2487:(1,210,4,5)
2488:(1,210,5,2)
2489:(1,210,5,4)
2490:(1,210,5,5)
2491:(1,210,6,2)
2492:(1,210,6,4)
2493:(1,210,6,5)
2494:(1,210,8,2)
2495:(1,210,8,4)
2496:(1,210,8,5)
2497:(1,210,9,2)
2498:(1,210,9,4)
2499:(1,210,9,5)
2500:(1,210,10,2)
2501:(1,210,10,4)
2502:(1,210,10,5)
2503:(1,211,4,3)
2504:(1,211,4,5)
2505:(1,211,5,3)
2506:(1,211,5,5)
2507:(1,211,6,3)
2508:(1,211,6,5)
2509:(1,211,8,3)
2510:(1,211,8,5)
2511:(1,211,9,3)
2512:(1,211,9,5)
2513:(1,211,10,3)
2514:(1,211,10,5)
2515:(1,212,4,4)
2516:(1,212,4,5)
2517:(1,212,5,4)
2518:(1,212,5,5)
2519:(1,212,6,4)
2520:(1,212,6,5)
2521:(1,212,8,4)
2522:(1,212,8,5)
2523:(1,212,9,4)
2524:(1,212,9,5)
2525:(1,212,10,4)
2526:(1,212,10,5)
2527:(1,213,4,5)
2528:(1,213,5,5)
2529:(1,213,6,5)
2530:(1,213,8,5)
2531:(1,213,9,5)
2532:(1,213,10,5)
2533:(1,214,4,5)
2534:(1,214,5,5)
2535:(1,214,6,5)
2536:(1,214,8,5)
2537:(1,214,9,5)
2538:(1,214,10,5)
2539:(1,215,4,3)
2540:(1,215,4,5)
2541:(1,215,5,3)
2542:(1,215,5,5)
2543:(1,215,6,3)
2544:(1,215,6,5)
2545:(1,215,8,3)
2546:(1,215,8,5)
2547:(1,215,9,3)
2548:(1,215,9,5)
2549:(1,215,10,3)
2550:(1,215,10,5)
2551:(1,216,4,2)
2552:(1,216,4,4)
2553:(1,216,4,5)
2554:(1,216,5,2)
2555:(1,216,5,4)
2556:(1,216,5,5)
2557:(1,216,6,2)
2558:(1,216,6,4)
2559:(1,216,6,5)
2560:(1,216,8,2)
2561:(1,216,8,4)
2562:(1,216,8,5)
2563:(1,216,9,2)
2564:(1,216,9,4)
2565:(1,216,9,5)
2566:(1,216,10,2)
2567:(1,216,10,4)
2568:(1,216,10,5)
2569:(1,217,4,5)
2570:(1,217,5,5)
2571:(1,217,6,5)
2572:(1,217,8,5)
2573:(1,217,9,5)
2574:(1,217,10,5)
2575:(1,218,4,5)
2576:(1,218,5,5)
2577:(1,218,6,5)
2578:(1,218,8,5)
2579:(1,218,9,5)
2580:(1,218,10,5)
2581:(1,219,4,5)
2582:(1,219,5,5)
2583:(1,219,6,5)
2584:(1,219,8,5)
2585:(1,219,9,5)
2586:(1,219,10,5)
2587:(1,220,4,3)
2588:(1,220,4,4)
2589:(1,220,4,5)
2590:(1,220,5,3)
2591:(1,220,5,4)
2592:(1,220,5,5)
2593:(1,220,6,3)
2594:(1,220,6,4)
2595:(1,220,6,5)
2596:(1,220,8,3)
2597:(1,220,8,4)
2598:(1,220,8,5)
2599:(1,220,9,3)
2600:(1,220,9,4)
2601:(1,220,9,5)
2602:(1,220,10,3)
2603:(1,220,10,4)
2604:(1,220,10,5)
2605:(1,221,4,4)
2606:(1,221,4,5)
2607:(1,221,5,4)
2608:(1,221,5,5)
2609:(1,221,6,4)
2610:(1,221,6,5)
2611:(1,221,8,4)
2612:(1,221,8,5)
2613:(1,221,9,4)
2614:(1,221,9,5)
2615:(1,221,10,4)
2616:(1,221,10,5)
2617:(1,222,4,4)
2618:(1,222,4,5)
2619:(1,222,5,4)
2620:(1,222,5,5)
2621:(1,222,6,4)
2622:(1,222,6,5)
2623:(1,222,8,4)
2624:(1,222,8,5)
2625:(1,222,9,4)
2626:(1,222,9,5)
2627:(1,222,10,4)
2628:(1,222,10,5)
2629:(1,223,4,5)
2630:(1,223,5,5)
2631:(1,223,6,5)
2632:(1,223,8,5)
2633:(1,223,9,5)
2634:(1,223,10,5)
2635:(1,224,4,5)
2636:(1,224,5,5)
2637:(1,224,6,5)
2638:(1,224,8,5)
2639:(1,224,9,5)
2640:(1,224,10,5)
2641:(1,225,4,2)
2642:(1,225,4,4)
2643:(1,225,4,5)
2644:(1,225,5,2)
2645:(1,225,5,4)
2646:(1,225,5,5)
2647:(1,225,6,2)
2648:(1,225,6,4)
2649:(1,225,6,5)
2650:(1,225,8,2)
2651:(1,225,8,4)
2652:(1,225,8,5)
2653:(1,225,9,2)
2654:(1,225,9,4)
2655:(1,225,9,5)
2656:(1,225,10,2)
2657:(1,225,10,4)
2658:(1,225,10,5)
2659:(1,226,4,3)
2660:(1,226,4,5)
2661:(1,226,5,3)
2662:(1,226,5,5)
2663:(1,226,6,3)
2664:(1,226,6,5)
2665:(1,226,8,3)
2666:(1,226,8,5)
2667:(1,226,9,3)
2668:(1,226,9,5)
2669:(1,226,10,3)
2670:(1,226,10,5)
2671:(1,227,4,5)
2672:(1,227,5,5)
2673:(1,227,6,5)
2674:(1,227,8,5)
2675:(1,227,9,5)
2676:(1,227,10,5)
2677:(1,228,4,4)
2678:(1,228,4,5)
2679:(1,228,5,4)
2680:(1,228,5,5)
2681:(1,228,6,4)
2682:(1,228,6,5)
2683:(1,228,8,4)
2684:(1,228,8,5)
2685:(1,228,9,4)
2686:(1,228,9,5)
2687:(1,228,10,4)
2688:(1,228,10,5)
2689:(1,229,4,5)
2690:(1,229,5,5)
2691:(1,229,6,5)
2692:(1,229,8,5)
2693:(1,229,9,5)
2694:(1,229,10,5)
2695:(1,230,4,3)
2696:(1,230,4,4)
2697:(1,230,4,5)
2698:(1,230,5,3)
2699:(1,230,5,4)
2700:(1,230,5,5)
2701:(1,230,6,3)
2702:(1,230,6,4)
2703:(1,230,6,5)
2704:(1,230,8,3)
2705:(1,230,8,4)
2706:(1,230,8,5)
2707:(1,230,9,3)
2708:(1,230,9,4)
2709:(1,230,9,5)
2710:(1,230,10,3)
2711:(1,230,10,4)
2712:(1,230,10,5)
2713:(1,231,4,4)
2714:(1,231,4,5)
2715:(1,231,5,4)
2716:(1,231,5,5)
2717:(1,231,6,4)
2718:(1,231,6,5)
2719:(1,231,8,4)
2720:(1,231,8,5)
2721:(1,231,9,4)
2722:(1,231,9,5)
2723:(1,231,10,4)
2724:(1,231,10,5)
2725:(1,232,4,5)
2726:(1,232,5,5)
2727:(1,232,6,5)
2728:(1,232,8,5)
2729:(1,232,9,5)
2730:(1,232,10,5)
2731:(1,233,4,5)
2732:(1,233,5,5)
2733:(1,233,6,5)
2734:(1,233,8,5)
2735:(1,233,9,5)
2736:(1,233,10,5)
2737:(1,234,4,5)
2738:(1,234,5,5)
2739:(1,234,6,5)
2740:(1,234,8,5)
2741:(1,234,9,5)
2742:(1,234,10,5)
2743:(1,235,4,3)
2744:(1,235,4,5)
2745:(1,235,5,3)
2746:(1,235,5,5)
2747:(1,235,6,3)
2748:(1,235,6,5)
2749:(1,235,8,3)
2750:(1,235,8,5)
2751:(1,235,9,3)
2752:(1,235,9,5)
2753:(1,235,10,3)
2754:(1,235,10,5)
2755:(1,236,4,4)
2756:(1,236,4,5)
2757:(1,236,5,4)
2758:(1,236,5,5)
2759:(1,236,6,4)
2760:(1,236,6,5)
2761:(1,236,8,4)
2762:(1,236,8,5)
2763:(1,236,9,4)
2764:(1,236,9,5)
2765:(1,236,10,4)
2766:(1,236,10,5)
2767:(1,237,4,4)
2768:(1,237,4,5)
2769:(1,237,5,4)
2770:(1,237,5,5)
2771:(1,237,6,4)
2772:(1,237,6,5)
2773:(1,237,8,4)
2774:(1,237,8,5)
2775:(1,237,9,4)
2776:(1,237,9,5)
2777:(1,237,10,4)
2778:(1,237,10,5)
2779:(1,238,4,3)
2780:(1,238,4,5)
2781:(1,238,5,3)
2782:(1,238,5,5)
2783:(1,238,6,3)
2784:(1,238,6,5)
2785:(1,238,8,3)
2786:(1,238,8,5)
2787:(1,238,9,3)
2788:(1,238,9,5)
2789:(1,238,10,3)
2790:(1,238,10,5)
2791:(1,239,4,5)
2792:(1,239,5,5)
2793:(1,239,6,5)
2794:(1,239,8,5)
2795:(1,239,9,5)
2796:(1,239,10,5)
2797:(1,240,4,2)
2798:(1,240,4,4)
2799:(1,240,4,5)
2800:(1,240,5,2)
2801:(1,240,5,4)
2802:(1,240,5,5)
2803:(1,240,6,2)
2804:(1,240,6,4)
2805:(1,240,6,5)
2806:(1,240,8,2)
2807:(1,240,8,4)
2808:(1,240,8,5)
2809:(1,240,9,2)
2810:(1,240,9,4)
2811:(1,240,9,5)
2812:(1,240,10,2)
2813:(1,240,10,4)
2814:(1,240,10,5)
2815:(1,241,4,5)
2816:(1,241,5,5)
2817:(1,241,6,5)
2818:(1,241,8,5)
2819:(1,241,9,5)
2820:(1,241,10,5)
2821:(1,242,4,5)
2822:(1,242,5,5)
2823:(1,242,6,5)
2824:(1,242,8,5)
2825:(1,242,9,5)
2826:(1,242,10,5)
2827:(1,243,4,5)
2828:(1,243,5,5)
2829:(1,243,6,5)
2830:(1,243,8,5)
2831:(1,243,9,5)
2832:(1,243,10,5)
2833:(1,244,4,5)
2834:(1,244,5,5)
2835:(1,244,6,5)
2836:(1,244,8,5)
2837:(1,244,9,5)
2838:(1,244,10,5)
2839:(1,245,4,4)
2840:(1,245,4,5)
2841:(1,245,5,4)
2842:(1,245,5,5)
2843:(1,245,6,4)
2844:(1,245,6,5)
2845:(1,245,8,4)
2846:(1,245,8,5)
2847:(1,245,9,4)
2848:(1,245,9,5)
2849:(1,245,10,4)
2850:(1,245,10,5)
2851:(1,246,4,4)
2852:(1,246,4,5)
2853:(1,246,5,4)
2854:(1,246,5,5)
2855:(1,246,6,4)
2856:(1,246,6,5)
2857:(1,246,8,4)
2858:(1,246,8,5)
2859:(1,246,9,4)
2860:(1,246,9,5)
2861:(1,246,10,4)
2862:(1,246,10,5)
2863:(1,247,4,3)
2864:(1,247,4,5)
2865:(1,247,5,3)
2866:(1,247,5,5)
2867:(1,247,6,3)
2868:(1,247,6,5)
2869:(1,247,8,3)
2870:(1,247,8,5)
2871:(1,247,9,3)
2872:(1,247,9,5)
2873:(1,247,10,3)
2874:(1,247,10,5)
2875:(1,248,4,4)
2876:(1,248,4,5)
2877:(1,248,5,4)
2878:(1,248,5,5)
2879:(1,248,6,4)
2880:(1,248,6,5)
2881:(1,248,8,4)
2882:(1,248,8,5)
2883:(1,248,9,4)
2884:(1,248,9,5)
2885:(1,248,10,4)
2886:(1,248,10,5)
2887:(1,249,4,5)
2888:(1,249,5,5)
2889:(1,249,6,5)
2890:(1,249,8,5)
2891:(1,249,9,5)
2892:(1,249,10,5)
2893:(1,250,4,3)
2894:(1,250,4,5)
2895:(1,250,5,3)
2896:(1,250,5,5)
2897:(1,250,6,3)
2898:(1,250,6,5)
2899:(1,250,8,3)
2900:(1,250,8,5)
2901:(1,250,9,3)
2902:(1,250,9,5)
2903:(1,250,10,3)
2904:(1,250,10,5)
2905:(1,251,4,5)
2906:(1,251,5,5)
2907:(1,251,6,5)
2908:(1,251,8,5)
2909:(1,251,9,5)
2910:(1,251,10,5)
2911:(1,252,4,4)
2912:(1,252,4,5)
2913:(1,252,5,4)
2914:(1,252,5,5)
2915:(1,252,6,4)
2916:(1,252,6,5)
2917:(1,252,8,4)
2918:(1,252,8,5)
2919:(1,252,9,4)
2920:(1,252,9,5)
2921:(1,252,10,4)
2922:(1,252,10,5)
2923:(1,253,4,5)
2924:(1,253,5,5)
2925:(1,253,6,5)
2926:(1,253,8,5)
2927:(1,253,9,5)
2928:(1,253,10,5)
2929:(1,254,4,5)
2930:(1,254,5,5)
2931:(1,254,6,5)
2932:(1,254,8,5)
2933:(1,254,9,5)
2934:(1,254,10,5)
2935:(1,255,4,4)
2936:(1,255,4,5)
2937:(1,255,5,4)
2938:(1,255,5,5)
2939:(1,255,6,4)
2940:(1,255,6,5)
2941:(1,255,8,4)
2942:(1,255,8,5)
2943:(1,255,9,4)
2944:(1,255,9,5)
2945:(1,255,10,4)
2946:(1,255,10,5)
2947:(1,256,4,3)
2948:(1,256,4,5)
2949:(1,256,5,3)
2950:(1,256,5,5)
2951:(1,256,6,3)
2952:(1,256,6,5)
2953:(1,256,8,3)
2954:(1,256,8,5)
2955:(1,256,9,3)
2956:(1,256,9,5)
2957:(1,256,10,3)
2958:(1,256,10,5)
2959:(1,257,4,4)
2960:(1,257,4,5)
2961:(1,257,5,4)
2962:(1,257,5,5)
2963:(1,257,6,4)
2964:(1,257,6,5)
2965:(1,257,8,4)
2966:(1,257,8,5)
2967:(1,257,9,4)
2968:(1,257,9,5)
2969:(1,257,10,4)
2970:(1,257,10,5)
2971:(1,258,4,5)
2972:(1,258,5,5)
2973:(1,258,6,5)
2974:(1,258,8,5)
2975:(1,258,9,5)
2976:(1,258,10,5)
2977:(1,259,4,5)
2978:(1,259,5,5)
2979:(1,259,6,5)
2980:(1,259,8,5)
2981:(1,259,9,5)
2982:(1,259,10,5)
2983:(1,260,4,4)
2984:(1,260,4,5)
2985:(1,260,5,4)
2986:(1,260,5,5)
2987:(1,260,6,4)
2988:(1,260,6,5)
2989:(1,260,8,4)
2990:(1,260,8,5)
2991:(1,260,9,4)
2992:(1,260,9,5)
2993:(1,260,10,4)
2994:(1,260,10,5)
2995:(1,261,4,4)
2996:(1,261,4,5)
2997:(1,261,5,4)
2998:(1,261,5,5)
2999:(1,261,6,4)
3000:(1,261,6,5)
3001:(1,261,8,4)
3002:(1,261,8,5)
3003:(1,261,9,4)
3004:(1,261,9,5)
3005:(1,261,10,4)
3006:(1,261,10,5)
3007:(1,262,4,3)
3008:(1,262,4,5)
3009:(1,262,5,3)
3010:(1,262,5,5)
3011:(1,262,6,3)
3012:(1,262,6,5)
3013:(1,262,8,3)
3014:(1,262,8,5)
3015:(1,262,9,3)
3016:(1,262,9,5)
3017:(1,262,10,3)
3018:(1,262,10,5)
3019:(1,263,4,5)
3020:(1,263,5,5)
3021:(1,263,6,5)
3022:(1,263,8,5)
3023:(1,263,9,5)
3024:(1,263,10,5)
3025:(1,264,4,5)
3026:(1,264,5,5)
3027:(1,264,6,5)
3028:(1,264,8,5)
3029:(1,264,9,5)
3030:(1,264,10,5)
3031:(1,265,4,3)
3032:(1,265,4,5)
3033:(1,265,5,3)
3034:(1,265,5,5)
3035:(1,265,6,3)
3036:(1,265,6,5)
3037:(1,265,8,3)
3038:(1,265,8,5)
3039:(1,265,9,3)
3040:(1,265,9,5)
3041:(1,265,10,3)
3042:(1,265,10,5)
3043:(1,266,4,4)
3044:(1,266,4,5)
3045:(1,266,5,4)
3046:(1,266,5,5)
3047:(1,266,6,4)
3048:(1,266,6,5)
3049:(1,266,8,4)
3050:(1,266,8,5)
3051:(1,266,9,4)
3052:(1,266,9,5)
3053:(1,266,10,4)
3054:(1,266,10,5)
3055:(1,267,4,5)
3056:(1,267,5,5)
3057:(1,267,6,5)
3058:(1,267,8,5)
3059:(1,267,9,5)
3060:(1,267,10,5)
3061:(1,268,4,5)
3062:(1,268,5,5)
3063:(1,268,6,5)
3064:(1,268,8,5)
3065:(1,268,9,5)
3066:(1,268,10,5)
3067:(1,269,4,5)
3068:(1,269,5,5)
3069:(1,269,6,5)
3070:(1,269,8,5)
3071:(1,269,9,5)
3072:(1,269,10,5)
3073:(1,270,4,4)
3074:(1,270,4,5)
3075:(1,270,5,4)
3076:(1,270,5,5)
3077:(1,270,6,4)
3078:(1,270,6,5)
3079:(1,270,8,4)
3080:(1,270,8,5)
3081:(1,270,9,4)
3082:(1,270,9,5)
3083:(1,270,10,4)
3084:(1,270,10,5)
3085:(1,271,4,3)
3086:(1,271,4,5)
3087:(1,271,5,3)
3088:(1,271,5,5)
3089:(1,271,6,3)
3090:(1,271,6,5)
3091:(1,271,8,3)
3092:(1,271,8,5)
3093:(1,271,9,3)
3094:(1,271,9,5)
3095:(1,271,10,3)
3096:(1,271,10,5)
3097:(1,272,4,4)
3098:(1,272,4,5)
3099:(1,272,5,4)
3100:(1,272,5,5)
3101:(1,272,6,4)
3102:(1,272,6,5)
3103:(1,272,8,4)
3104:(1,272,8,5)
3105:(1,272,9,4)
3106:(1,272,9,5)
3107:(1,272,10,4)
3108:(1,272,10,5)
3109:(1,273,4,5)
3110:(1,273,5,5)
3111:(1,273,6,5)
3112:(1,273,8,5)
3113:(1,273,9,5)
3114:(1,273,10,5)
3115:(1,274,4,5)
3116:(1,274,5,5)
3117:(1,274,6,5)
3118:(1,274,8,5)
3119:(1,274,9,5)
3120:(1,274,10,5)
3121:(1,275,4,4)
3122:(1,275,4,5)
3123:(1,275,5,4)
3124:(1,275,5,5)
3125:(1,275,6,4)
3126:(1,275,6,5)
3127:(1,275,8,4)
3128:(1,275,8,5)
3129:(1,275,9,4)
3130:(1,275,9,5)
3131:(1,275,10,4)
3132:(1,275,10,5)
3133:(1,276,4,4)
3134:(1,276,4,5)
3135:(1,276,5,4)
3136:(1,276,5,5)
3137:(1,276,6,4)
3138:(1,276,6,5)
3139:(1,276,8,4)
3140:(1,276,8,5)
3141:(1,276,9,4)
3142:(1,276,9,5)
3143:(1,276,10,4)
3144:(1,276,10,5)
3145:(1,277,4,5)
3146:(1,277,5,5)
3147:(1,277,6,5)
3148:(1,277,8,5)
3149:(1,277,9,5)
3150:(1,277,10,5)
3151:(1,278,4,5)
3152:(1,278,5,5)
3153:(1,278,6,5)
3154:(1,278,8,5)
3155:(1,278,9,5)
3156:(1,278,10,5)
3157:(1,279,4,5)
3158:(1,279,5,5)
3159:(1,279,6,5)
3160:(1,279,8,5)
3161:(1,279,9,5)
3162:(1,279,10,5)
3163:(1,280,4,3)
3164:(1,280,4,5)
3165:(1,280,5,3)
3166:(1,280,5,5)
3167:(1,280,6,3)
3168:(1,280,6,5)
3169:(1,280,8,3)
3170:(1,280,8,5)
3171:(1,280,9,3)
3172:(1,280,9,5)
3173:(1,280,10,3)
3174:(1,280,10,5)
3175:(1,281,4,4)
3176:(1,281,4,5)
3177:(1,281,5,4)
3178:(1,281,5,5)
3179:(1,281,6,4)
3180:(1,281,6,5)
3181:(1,281,8,4)
3182:(1,281,8,5)
3183:(1,281,9,4)
3184:(1,281,9,5)
3185:(1,281,10,4)
3186:(1,281,10,5)
3187:(1,282,4,5)
3188:(1,282,5,5)
3189:(1,282,6,5)
3190:(1,282,8,5)
3191:(1,282,9,5)
3192:(1,282,10,5)
3193:(1,283,4,5)
3194:(1,283,5,5)
3195:(1,283,6,5)
3196:(1,283,8,5)
3197:(1,283,9,5)
3198:(1,283,10,5)
3199:(1,284,4,4)
3200:(1,284,4,5)
3201:(1,284,5,4)
3202:(1,284,5,5)
3203:(1,284,6,4)
3204:(1,284,6,5)
3205:(1,284,8,4)
3206:(1,284,8,5)
3207:(1,284,9,4)
3208:(1,284,9,5)
3209:(1,284,10,4)
3210:(1,284,10,5)
3211:(1,285,4,4)
3212:(1,285,4,5)
3213:(1,285,5,4)
3214:(1,285,5,5)
3215:(1,285,6,4)
3216:(1,285,6,5)
3217:(1,285,8,4)
3218:(1,285,8,5)
3219:(1,285,9,4)
3220:(1,285,9,5)
3221:(1,285,10,4)
3222:(1,285,10,5)
3223:(1,286,4,3)
3224:(1,286,4,5)
3225:(1,286,5,3)
3226:(1,286,5,5)
3227:(1,286,6,3)
3228:(1,286,6,5)
3229:(1,286,8,3)
3230:(1,286,8,5)
3231:(1,286,9,3)
3232:(1,286,9,5)
3233:(1,286,10,3)
3234:(1,286,10,5)
3235:(1,287,4,5)
3236:(1,287,5,5)
3237:(1,287,6,5)
3238:(1,287,8,5)
3239:(1,287,9,5)
3240:(1,287,10,5)
3241:(1,288,4,5)
3242:(1,288,5,5)
3243:(1,288,6,5)
3244:(1,288,8,5)
3245:(1,288,9,5)
3246:(1,288,10,5)
3247:(1,289,4,5)
3248:(1,289,5,5)
3249:(1,289,6,5)
3250:(1,289,8,5)
3251:(1,289,9,5)
3252:(1,289,10,5)
3253:(1,290,4,4)
3254:(1,290,4,5)
3255:(1,290,5,4)
3256:(1,290,5,5)
3257:(1,290,6,4)
3258:(1,290,6,5)
3259:(1,290,8,4)
3260:(1,290,8,5)
3261:(1,290,9,4)
3262:(1,290,9,5)
3263:(1,290,10,4)
3264:(1,290,10,5)
3265:(1,291,4,5)
3266:(1,291,5,5)
3267:(1,291,6,5)
3268:(1,291,8,5)
3269:(1,291,9,5)
3270:(1,291,10,5)
3271:(1,292,4,5)
3272:(1,292,5,5)
3273:(1,292,6,5)
3274:(1,292,8,5)
3275:(1,292,9,5)
3276:(1,292,10,5)
3277:(1,293,4,4)
3278:(1,293,4,5)
3279:(1,293,5,4)
3280:(1,293,5,5)
3281:(1,293,6,4)
3282:(1,293,6,5)
3283:(1,293,8,4)
3284:(1,293,8,5)
3285:(1,293,9,4)
3286:(1,293,9,5)
3287:(1,293,10,4)
3288:(1,293,10,5)
3289:(1,294,4,5)
3290:(1,294,5,5)
3291:(1,294,6,5)
3292:(1,294,8,5)
3293:(1,294,9,5)
3294:(1,294,10,5)
3295:(1,295,4,3)
3296:(1,295,4,5)
3297:(1,295,5,3)
3298:(1,295,5,5)
3299:(1,295,6,3)
3300:(1,295,6,5)
3301:(1,295,8,3)
3302:(1,295,8,5)
3303:(1,295,9,3)
3304:(1,295,9,5)
3305:(1,295,10,3)
3306:(1,295,10,5)
3307:(1,296,4,4)
3308:(1,296,4,5)
3309:(1,296,5,4)
3310:(1,296,5,5)
3311:(1,296,6,4)
3312:(1,296,6,5)
3313:(1,296,8,4)
3314:(1,296,8,5)
3315:(1,296,9,4)
3316:(1,296,9,5)
3317:(1,296,10,4)
3318:(1,296,10,5)
3319:(1,297,4,5)
3320:(1,297,5,5)
3321:(1,297,6,5)
3322:(1,297,8,5)
3323:(1,297,9,5)
3324:(1,297,10,5)
3325:(1,298,4,5)
3326:(1,298,5,5)
3327:(1,298,6,5)
3328:(1,298,8,5)
3329:(1,298,9,5)
3330:(1,298,10,5)
3331:(1,299,4,5)
3332:(1,299,5,5)
3333:(1,299,6,5)
3334:(1,299,8,5)
3335:(1,299,9,5)
3336:(1,299,10,5)
3337:(1,300,4,4)
3338:(1,300,4,5)
3339:(1,300,5,4)
3340:(1,300,5,5)
3341:(1,300,6,4)
3342:(1,300,6,5)
3343:(1,300,8,4)
3344:(1,300,8,5)
3345:(1,300,9,4)
3346:(1,300,9,5)
3347:(1,300,10,4)
3348:(1,300,10,5)
3349:(1,301,4,5)
3350:(1,301,5,5)
3351:(1,301,6,5)
3352:(1,301,8,5)
3353:(1,301,9,5)
3354:(1,301,10,5)
3355:(1,302,4,4)
3356:(1,302,4,5)
3357:(1,302,5,4)
3358:(1,302,5,5)
3359:(1,302,6,4)
3360:(1,302,6,5)
3361:(1,302,8,4)
3362:(1,302,8,5)
3363:(1,302,9,4)
3364:(1,302,9,5)
3365:(1,302,10,4)
3366:(1,302,10,5)
3367:(1,303,4,5)
3368:(1,303,5,5)
3369:(1,303,6,5)
3370:(1,303,8,5)
3371:(1,303,9,5)
3372:(1,303,10,5)
3373:(1,304,4,5)
3374:(1,304,5,5)
3375:(1,304,6,5)
3376:(1,304,8,5)
3377:(1,304,9,5)
3378:(1,304,10,5)
3379:(1,305,4,4)
3380:(1,305,4,5)
3381:(1,305,5,4)
3382:(1,305,5,5)
3383:(1,305,6,4)
3384:(1,305,6,5)
3385:(1,305,8,4)
3386:(1,305,8,5)
3387:(1,305,9,4)
3388:(1,305,9,5)
3389:(1,305,10,4)
3390:(1,305,10,5)
3391:(1,306,4,5)
3392:(1,306,5,5)
3393:(1,306,6,5)
3394:(1,306,8,5)
3395:(1,306,9,5)
3396:(1,306,10,5)
3397:(1,307,4,5)
3398:(1,307,5,5)
3399:(1,307,6,5)
3400:(1,307,8,5)
3401:(1,307,9,5)
3402:(1,307,10,5)
3403:(1,308,4,4)
3404:(1,308,4,5)
3405:(1,308,5,4)
3406:(1,308,5,5)
3407:(1,308,6,4)
3408:(1,308,6,5)
3409:(1,308,8,4)
3410:(1,308,8,5)
3411:(1,308,9,4)
3412:(1,308,9,5)
3413:(1,308,10,4)
3414:(1,308,10,5)
3415:(1,309,4,5)
3416:(1,309,5,5)
3417:(1,309,6,5)
3418:(1,309,8,5)
3419:(1,309,9,5)
3420:(1,309,10,5)
3421:(1,310,4,3)
3422:(1,310,4,5)
3423:(1,310,5,3)
3424:(1,310,5,5)
3425:(1,310,6,3)
3426:(1,310,6,5)
3427:(1,310,8,3)
3428:(1,310,8,5)
3429:(1,310,9,3)
3430:(1,310,9,5)
3431:(1,310,10,3)
3432:(1,310,10,5)
3433:(1,311,4,4)
3434:(1,311,4,5)
3435:(1,311,5,4)
3436:(1,311,5,5)
3437:(1,311,6,4)
3438:(1,311,6,5)
3439:(1,311,8,4)
3440:(1,311,8,5)
3441:(1,311,9,4)
3442:(1,311,9,5)
3443:(1,311,10,4)
3444:(1,311,10,5)
3445:(1,312,4,5)
3446:(1,312,5,5)
3447:(1,312,6,5)
3448:(1,312,8,5)
3449:(1,312,9,5)
3450:(1,312,10,5)
3451:(1,313,4,5)
3452:(1,313,5,5)
3453:(1,313,6,5)
3454:(1,313,8,5)
3455:(1,313,9,5)
3456:(1,313,10,5)
3457:(1,314,4,5)
3458:(1,314,5,5)
3459:(1,314,6,5)
3460:(1,314,8,5)
3461:(1,314,9,5)
3462:(1,314,10,5)
3463:(1,315,4,5)
3464:(1,315,5,5)
3465:(1,315,6,5)
3466:(1,315,8,5)
3467:(1,315,9,5)
3468:(1,315,10,5)
3469:(1,316,4,5)
3470:(1,316,5,5)
3471:(1,316,6,5)
3472:(1,316,8,5)
3473:(1,316,9,5)
3474:(1,316,10,5)
3475:(1,317,4,4)
3476:(1,317,4,5)
3477:(1,317,5,4)
3478:(1,317,5,5)
3479:(1,317,6,4)
3480:(1,317,6,5)
3481:(1,317,8,4)
3482:(1,317,8,5)
3483:(1,317,9,4)
3484:(1,317,9,5)
3485:(1,317,10,4)
3486:(1,317,10,5)
3487:(1,318,4,5)
3488:(1,318,5,5)
3489:(1,318,6,5)
3490:(1,318,8,5)
3491:(1,318,9,5)
3492:(1,318,10,5)
3493:(1,319,4,5)
3494:(1,319,5,5)
3495:(1,319,6,5)
3496:(1,319,8,5)
3497:(1,319,9,5)
3498:(1,319,10,5)
3499:(1,320,4,4)
3500:(1,320,4,5)
3501:(1,320,5,4)
3502:(1,320,5,5)
3503:(1,320,6,4)
3504:(1,320,6,5)
3505:(1,320,8,4)
3506:(1,320,8,5)
3507:(1,320,9,4)
3508:(1,320,9,5)
3509:(1,320,10,4)
3510:(1,320,10,5)
3511:(1,321,4,5)
3512:(1,321,5,5)
3513:(1,321,6,5)
3514:(1,321,8,5)
3515:(1,321,9,5)
3516:(1,321,10,5)
3517:(1,322,4,5)
3518:(1,322,5,5)
3519:(1,322,6,5)
3520:(1,322,8,5)
3521:(1,322,9,5)
3522:(1,322,10,5)
3523:(1,323,4,5)
3524:(1,323,5,5)
3525:(1,323,6,5)
3526:(1,323,8,5)
3527:(1,323,9,5)
3528:(1,323,10,5)
3529:(1,324,4,5)
3530:(1,324,5,5)
3531:(1,324,6,5)
3532:(1,324,8,5)
3533:(1,324,9,5)
3534:(1,324,10,5)
3535:(1,325,4,5)
3536:(1,325,5,5)
3537:(1,325,6,5)
3538:(1,325,8,5)
3539:(1,325,9,5)
3540:(1,325,10,5)
3541:(1,326,4,4)
3542:(1,326,4,5)
3543:(1,326,5,4)
3544:(1,326,5,5)
3545:(1,326,6,4)
3546:(1,326,6,5)
3547:(1,326,8,4)
3548:(1,326,8,5)
3549:(1,326,9,4)
3550:(1,326,9,5)
3551:(1,326,10,4)
3552:(1,326,10,5)
3553:(1,327,4,5)
3554:(1,327,5,5)
3555:(1,327,6,5)
3556:(1,327,8,5)
3557:(1,327,9,5)
3558:(1,327,10,5)
3559:(1,328,4,5)
3560:(1,328,5,5)
3561:(1,328,6,5)
3562:(1,328,8,5)
3563:(1,328,9,5)
3564:(1,328,10,5)
3565:(1,329,4,5)
3566:(1,329,5,5)
3567:(1,329,6,5)
3568:(1,329,8,5)
3569:(1,329,9,5)
3570:(1,329,10,5)
3571:(1,330,4,5)
3572:(1,330,5,5)
3573:(1,330,6,5)
3574:(1,330,8,5)
3575:(1,330,9,5)
3576:(1,330,10,5)
3577:(1,331,4,5)
3578:(1,331,5,5)
3579:(1,331,6,5)
3580:(1,331,8,5)
3581:(1,331,9,5)
3582:(1,331,10,5)
3583:(1,332,4,4)
3584:(1,332,4,5)
3585:(1,332,5,4)
3586:(1,332,5,5)
3587:(1,332,6,4)
3588:(1,332,6,5)
3589:(1,332,8,4)
3590:(1,332,8,5)
3591:(1,332,9,4)
3592:(1,332,9,5)
3593:(1,332,10,4)
3594:(1,332,10,5)
3595:(1,333,4,5)
3596:(1,333,5,5)
3597:(1,333,6,5)
3598:(1,333,8,5)
3599:(1,333,9,5)
3600:(1,333,10,5)
3601:(1,334,4,5)
3602:(1,334,5,5)
3603:(1,334,6,5)
3604:(1,334,8,5)
3605:(1,334,9,5)
3606:(1,334,10,5)
3607:(1,335,4,4)
3608:(1,335,4,5)
3609:(1,335,5,4)
3610:(1,335,5,5)
3611:(1,335,6,4)
3612:(1,335,6,5)
3613:(1,335,8,4)
3614:(1,335,8,5)
3615:(1,335,9,4)
3616:(1,335,9,5)
3617:(1,335,10,4)
3618:(1,335,10,5)
3619:(1,336,4,5)
3620:(1,336,5,5)
3621:(1,336,6,5)
3622:(1,336,8,5)
3623:(1,336,9,5)
3624:(1,336,10,5)
3625:(1,337,4,5)
3626:(1,337,5,5)
3627:(1,337,6,5)
3628:(1,337,8,5)
3629:(1,337,9,5)
3630:(1,337,10,5)
3631:(1,338,4,5)
3632:(1,338,5,5)
3633:(1,338,6,5)
3634:(1,338,8,5)
3635:(1,338,9,5)
3636:(1,338,10,5)
3637:(1,339,4,5)
3638:(1,339,5,5)
3639:(1,339,6,5)
3640:(1,339,8,5)
3641:(1,339,9,5)
3642:(1,339,10,5)
3643:(1,340,4,5)
3644:(1,340,5,5)
3645:(1,340,6,5)
3646:(1,340,8,5)
3647:(1,340,9,5)
3648:(1,340,10,5)
3649:(1,341,4,4)
3650:(1,341,4,5)
3651:(1,341,5,4)
3652:(1,341,5,5)
3653:(1,341,6,4)
3654:(1,341,6,5)
3655:(1,341,8,4)
3656:(1,341,8,5)
3657:(1,341,9,4)
3658:(1,341,9,5)
3659:(1,341,10,4)
3660:(1,341,10,5)
3661:(1,342,4,5)
3662:(1,342,5,5)
3663:(1,342,6,5)
3664:(1,342,8,5)
3665:(1,342,9,5)
3666:(1,342,10,5)
3667:(1,343,4,5)
3668:(1,343,5,5)
3669:(1,343,6,5)
3670:(1,343,8,5)
3671:(1,343,9,5)
3672:(1,343,10,5)
3673:(1,344,4,5)
3674:(1,344,5,5)
3675:(1,344,6,5)
3676:(1,344,8,5)
3677:(1,344,9,5)
3678:(1,344,10,5)
3679:(1,345,4,5)
3680:(1,345,5,5)
3681:(1,345,6,5)
3682:(1,345,8,5)
3683:(1,345,9,5)
3684:(1,345,10,5)
3685:(1,346,4,5)
3686:(1,346,5,5)
3687:(1,346,6,5)
3688:(1,346,8,5)
3689:(1,346,9,5)
3690:(1,346,10,5)
3691:(1,347,4,5)
3692:(1,347,5,5)
3693:(1,347,6,5)
3694:(1,347,8,5)
3695:(1,347,9,5)
3696:(1,347,10,5)
3697:(1,348,4,5)
3698:(1,348,5,5)
3699:(1,348,6,5)
3700:(1,348,8,5)
3701:(1,348,9,5)
3702:(1,348,10,5)
3703:(1,349,4,5)
3704:(1,349,5,5)
3705:(1,349,6,5)
3706:(1,349,8,5)
3707:(1,349,9,5)
3708:(1,349,10,5)
3709:(1,350,4,4)
3710:(1,350,4,5)
3711:(1,350,5,4)
3712:(1,350,5,5)
3713:(1,350,6,4)
3714:(1,350,6,5)
3715:(1,350,8,4)
3716:(1,350,8,5)
3717:(1,350,9,4)
3718:(1,350,9,5)
3719:(1,350,10,4)
3720:(1,350,10,5)
3721:(1,351,4,5)
3722:(1,351,5,5)
3723:(1,351,6,5)
3724:(1,351,8,5)
3725:(1,351,9,5)
3726:(1,351,10,5)
3727:(1,352,4,5)
3728:(1,352,5,5)
3729:(1,352,6,5)
3730:(1,352,8,5)
3731:(1,352,9,5)
3732:(1,352,10,5)
3733:(1,353,4,5)
3734:(1,353,5,5)
3735:(1,353,6,5)
3736:(1,353,8,5)
3737:(1,353,9,5)
3738:(1,353,10,5)
3739:(1,354,4,5)
3740:(1,354,5,5)
3741:(1,354,6,5)
3742:(1,354,8,5)
3743:(1,354,9,5)
3744:(1,354,10,5)
3745:(1,355,4,5)
3746:(1,355,5,5)
3747:(1,355,6,5)
3748:(1,355,8,5)
3749:(1,355,9,5)
3750:(1,355,10,5)
3751:(1,356,4,4)
3752:(1,356,4,5)
3753:(1,356,5,4)
3754:(1,356,5,5)
3755:(1,356,6,4)
3756:(1,356,6,5)
3757:(1,356,8,4)
3758:(1,356,8,5)
3759:(1,356,9,4)
3760:(1,356,9,5)
3761:(1,356,10,4)
3762:(1,356,10,5)
3763:(1,357,4,5)
3764:(1,357,5,5)
3765:(1,357,6,5)
3766:(1,357,8,5)
3767:(1,357,9,5)
3768:(1,357,10,5)
3769:(1,358,4,5)
3770:(1,358,5,5)
3771:(1,358,6,5)
3772:(1,358,8,5)
3773:(1,358,9,5)
3774:(1,358,10,5)
3775:(1,359,4,5)
3776:(1,359,5,5)
3777:(1,359,6,5)
3778:(1,359,8,5)
3779:(1,359,9,5)
3780:(1,359,10,5)
3781:(1,360,4,5)
3782:(1,360,5,5)
3783:(1,360,6,5)
3784:(1,360,8,5)
3785:(1,360,9,5)
3786:(1,360,10,5)
3787:(1,361,4,5)
3788:(1,361,5,5)
3789:(1,361,6,5)
3790:(1,361,8,5)
3791:(1,361,9,5)
3792:(1,361,10,5)
3793:(1,362,4,5)
3794:(1,362,5,5)
3795:(1,362,6,5)
3796:(1,362,8,5)
3797:(1,362,9,5)
3798:(1,362,10,5)
3799:(1,363,4,5)
3800:(1,363,5,5)
3801:(1,363,6,5)
3802:(1,363,8,5)
3803:(1,363,9,5)
3804:(1,363,10,5)
3805:(1,364,4,5)
3806:(1,364,5,5)
3807:(1,364,6,5)
3808:(1,364,8,5)
3809:(1,364,9,5)
3810:(1,364,10,5)
3811:(1,365,4,4)
3812:(1,365,4,5)
3813:(1,365,5,4)
3814:(1,365,5,5)
3815:(1,365,6,4)
3816:(1,365,6,5)
3817:(1,365,8,4)
3818:(1,365,8,5)
3819:(1,365,9,4)
3820:(1,365,9,5)
3821:(1,365,10,4)
3822:(1,365,10,5)
3823:(1,366,4,5)
3824:(1,366,5,5)
3825:(1,366,6,5)
3826:(1,366,8,5)
3827:(1,366,9,5)
3828:(1,366,10,5)
3829:(1,367,4,5)
3830:(1,367,5,5)
3831:(1,367,6,5)
3832:(1,367,8,5)
3833:(1,367,9,5)
3834:(1,367,10,5)
3835:(1,368,4,5)
3836:(1,368,5,5)
3837:(1,368,6,5)
3838:(1,368,8,5)
3839:(1,368,9,5)
3840:(1,368,10,5)
3841:(1,369,4,5)
3842:(1,369,5,5)
3843:(1,369,6,5)
3844:(1,369,8,5)
3845:(1,369,9,5)
3846:(1,369,10,5)
3847:(1,370,4,5)
3848:(1,370,5,5)
3849:(1,370,6,5)
3850:(1,370,8,5)
3851:(1,370,9,5)
3852:(1,370,10,5)
3853:(1,371,4,5)
3854:(1,371,5,5)
3855:(1,371,6,5)
3856:(1,371,8,5)
3857:(1,371,9,5)
3858:(1,371,10,5)
3859:(1,372,4,5)
3860:(1,372,5,5)
3861:(1,372,6,5)
3862:(1,372,8,5)
3863:(1,372,9,5)
3864:(1,372,10,5)
3865:(1,373,4,5)
3866:(1,373,5,5)
3867:(1,373,6,5)
3868:(1,373,8,5)
3869:(1,373,9,5)
3870:(1,373,10,5)
3871:(1,374,4,5)
3872:(1,374,5,5)
3873:(1,374,6,5)
3874:(1,374,8,5)
3875:(1,374,9,5)
3876:(1,374,10,5)
3877:(1,375,4,5)
3878:(1,375,5,5)
3879:(1,375,6,5)
3880:(1,375,8,5)
3881:(1,375,9,5)
3882:(1,375,10,5)
3883:(1,376,4,5)
3884:(1,376,5,5)
3885:(1,376,6,5)
3886:(1,376,8,5)
3887:(1,376,9,5)
3888:(1,376,10,5)
3889:(1,377,4,5)
3890:(1,377,5,5)
3891:(1,377,6,5)
3892:(1,377,8,5)
3893:(1,377,9,5)
3894:(1,377,10,5)
3895:(1,378,4,5)
3896:(1,378,5,5)
3897:(1,378,6,5)
3898:(1,378,8,5)
3899:(1,378,9,5)
3900:(1,378,10,5)
3901:(1,379,4,5)
3902:(1,379,5,5)
3903:(1,379,6,5)
3904:(1,379,8,5)
3905:(1,379,9,5)
3906:(1,379,10,5)
3907:(1,380,4,4)
3908:(1,380,4,5)
3909:(1,380,5,4)
3910:(1,380,5,5)
3911:(1,380,6,4)
3912:(1,380,6,5)
3913:(1,380,8,4)
3914:(1,380,8,5)
3915:(1,380,9,4)
3916:(1,380,9,5)
3917:(1,380,10,4)
3918:(1,380,10,5)
